|2025-07-16 15:25:34| Dataset : financial, Model : financial, Density : 0.700, d_model : 32, Rank : 40, Seq_Len : 36, Pred_Len : 7, Constraint : True, Idx : 0
|2025-07-16 15:25:34| MAE - 0.0046 MSE - 0.0000 RMSE - 0.0069 MAPE - 0.0400 NMAE - 0.0286 NRMSE - 0.0324 Acc_10 - 0.9174 DTW - 3.1902 train_time - 71.1702
|2025-07-16 15:27:31| Dataset : financial, Model : financial, Density : 0.700, d_model : 32, Rank : 40, Seq_Len : 36, Pred_Len : 30, Constraint : True, Idx : 0
|2025-07-16 15:27:31| MAE - 0.0112 MSE - 0.0002 RMSE - 0.0158 MAPE - 0.0968 NMAE - 0.0688 NRMSE - 0.0741 Acc_10 - 0.6721 DTW - 15.8361 train_time - 16.0062
|2025-07-16 15:29:39| Dataset : financial, Model : financial, Density : 0.700, d_model : 32, Rank : 40, Seq_Len : 36, Pred_Len : 60, Constraint : True, Idx : 0
|2025-07-16 15:29:39| MAE - 0.0130 MSE - 0.0004 RMSE - 0.0188 MAPE - 0.1112 NMAE - 0.0795 NRMSE - 0.0883 Acc_10 - 0.6258 DTW - 26.5880 train_time - 26.2089
|2025-07-16 15:31:30| Dataset : financial, Model : financial, Density : 0.700, d_model : 32, Rank : 40, Seq_Len : 36, Pred_Len : 90, Constraint : True, Idx : 0
|2025-07-16 15:31:30| MAE - 0.0172 MSE - 0.0005 RMSE - 0.0230 MAPE - 0.1473 NMAE - 0.1053 NRMSE - 0.1080 Acc_10 - 0.4913 DTW - 41.6147 train_time - 22.0150


|2025-07-16 15:47:32| Dataset : financial, Model : financial, Density : 0.700, d_model : 32, Rank : 40, Seq_Len : 36, Pred_Len : 7, Constraint : False, Idx : 0
|2025-07-16 15:47:32| MAE - 0.0047 MSE - 0.0000 RMSE - 0.0069 MAPE - 0.0400 NMAE - 0.0286 NRMSE - 0.0324 Acc_10 - 0.9169 DTW - 3.1941 train_time - 42.2656
|2025-07-16 15:49:18| Dataset : financial, Model : financial, Density : 0.700, d_model : 32, Rank : 40, Seq_Len : 36, Pred_Len : 30, Constraint : False, Idx : 0
|2025-07-16 15:49:18| MAE - 0.0112 MSE - 0.0002 RMSE - 0.0158 MAPE - 0.0974 NMAE - 0.0689 NRMSE - 0.0741 Acc_10 - 0.6729 DTW - 15.8602 train_time - 12.3514
|2025-07-16 15:51:26| Dataset : financial, Model : financial, Density : 0.700, d_model : 32, Rank : 40, Seq_Len : 36, Pred_Len : 60, Constraint : False, Idx : 0
|2025-07-16 15:51:26| MAE - 0.0130 MSE - 0.0004 RMSE - 0.0188 MAPE - 0.1114 NMAE - 0.0796 NRMSE - 0.0883 Acc_10 - 0.6240 DTW - 26.6459 train_time - 24.2650
|2025-07-16 15:53:21| Dataset : financial, Model : financial, Density : 0.700, d_model : 32, Rank : 40, Seq_Len : 36, Pred_Len : 90, Constraint : False, Idx : 0
|2025-07-16 15:53:21| MAE - 0.0170 MSE - 0.0005 RMSE - 0.0228 MAPE - 0.1453 NMAE - 0.1039 NRMSE - 0.1070 Acc_10 - 0.4983 DTW - 41.1604 train_time - 24.1033
|2025-07-16 15:58:36| Dataset : financial, Model : financial, Density : 0.700, d_model : 32, Rank : 40, Seq_Len : 36, Pred_Len : 7, Constraint : True, Idx : 0
|2025-07-16 15:58:36| MAE - 0.0046 MSE - 0.0000 RMSE - 0.0069 MAPE - 0.0400 NMAE - 0.0286 NRMSE - 0.0324 Acc_10 - 0.9174 DTW - 3.1902 train_time - 50.7342
|2025-07-16 16:00:42| Dataset : financial, Model : financial, Density : 0.700, d_model : 32, Rank : 40, Seq_Len : 36, Pred_Len : 30, Constraint : True, Idx : 0
|2025-07-16 16:00:42| MAE - 0.0112 MSE - 0.0002 RMSE - 0.0158 MAPE - 0.0968 NMAE - 0.0688 NRMSE - 0.0741 Acc_10 - 0.6721 DTW - 15.8361 train_time - 16.0398
|2025-07-16 16:02:59| Dataset : financial, Model : financial, Density : 0.700, d_model : 32, Rank : 40, Seq_Len : 36, Pred_Len : 60, Constraint : True, Idx : 0
|2025-07-16 16:02:59| MAE - 0.0130 MSE - 0.0004 RMSE - 0.0188 MAPE - 0.1112 NMAE - 0.0795 NRMSE - 0.0883 Acc_10 - 0.6258 DTW - 26.5880 train_time - 30.3433
|2025-07-16 16:04:51| Dataset : financial, Model : financial, Density : 0.700, d_model : 32, Rank : 40, Seq_Len : 36, Pred_Len : 90, Constraint : True, Idx : 0
|2025-07-16 16:04:51| MAE - 0.0172 MSE - 0.0005 RMSE - 0.0230 MAPE - 0.1473 NMAE - 0.1053 NRMSE - 0.1080 Acc_10 - 0.4913 DTW - 41.6147 train_time - 22.0060
|2025-07-16 19:44:31| Dataset : financial, Model : financial, Density : 0.700, d_model : 32, Rank : 40, Seq_Len : 36, Pred_Len : 7, Constraint : True, Idx : 0
|2025-07-16 19:44:31| MAE - 0.0046 MSE - 0.0000 RMSE - 0.0069 MAPE - 0.0400 NMAE - 0.0286 NRMSE - 0.0324 Acc_10 - 0.9174 DTW - 3.1902 train_time - 87.4209
|2025-07-16 19:47:34| Dataset : financial, Model : financial, Density : 0.700, d_model : 32, Rank : 40, Seq_Len : 36, Pred_Len : 30, Constraint : True, Idx : 0
|2025-07-16 19:47:34| MAE - 0.0112 MSE - 0.0002 RMSE - 0.0158 MAPE - 0.0968 NMAE - 0.0688 NRMSE - 0.0741 Acc_10 - 0.6721 DTW - 15.8361 train_time - 38.2193
|2025-07-16 19:50:58| Dataset : financial, Model : financial, Density : 0.700, d_model : 32, Rank : 40, Seq_Len : 36, Pred_Len : 60, Constraint : True, Idx : 0
|2025-07-16 19:50:58| MAE - 0.0130 MSE - 0.0004 RMSE - 0.0188 MAPE - 0.1112 NMAE - 0.0795 NRMSE - 0.0883 Acc_10 - 0.6258 DTW - 26.5880 train_time - 65.1225
|2025-07-16 19:53:29| Dataset : financial, Model : financial, Density : 0.700, d_model : 32, Rank : 40, Seq_Len : 36, Pred_Len : 90, Constraint : True, Idx : 0
|2025-07-16 19:53:29| MAE - 0.0172 MSE - 0.0005 RMSE - 0.0230 MAPE - 0.1473 NMAE - 0.1053 NRMSE - 0.1080 Acc_10 - 0.4913 DTW - 41.6147 train_time - 40.1775
|2025-07-16 19:54:53| Dataset : financial, Model : financial, Density : 0.700, d_model : 32, Rank : 40, Seq_Len : 36, Pred_Len : 7, Constraint : True, Idx : 1
|2025-07-16 19:54:53| MAE - 0.0032 MSE - 0.0001 RMSE - 0.0075 MAPE - 0.0107 NMAE - 0.0088 NRMSE - 0.0180 Acc_10 - 0.9934 DTW - 0.5313 train_time - 13.9261
|2025-07-16 19:56:05| Dataset : financial, Model : financial, Density : 0.700, d_model : 32, Rank : 40, Seq_Len : 36, Pred_Len : 30, Constraint : True, Idx : 1
|2025-07-16 19:56:05| MAE - 0.0075 MSE - 0.0002 RMSE - 0.0147 MAPE - 0.0254 NMAE - 0.0208 NRMSE - 0.0353 Acc_10 - 0.9727 DTW - 2.6400 train_time - 13.3993
|2025-07-16 19:57:11| Dataset : financial, Model : financial, Density : 0.700, d_model : 32, Rank : 40, Seq_Len : 36, Pred_Len : 60, Constraint : True, Idx : 1
|2025-07-16 19:57:11| MAE - 0.0109 MSE - 0.0004 RMSE - 0.0199 MAPE - 0.0374 NMAE - 0.0301 NRMSE - 0.0479 Acc_10 - 0.9325 DTW - 5.4763 train_time - 12.0043
|2025-07-16 19:58:13| Dataset : financial, Model : financial, Density : 0.700, d_model : 32, Rank : 40, Seq_Len : 36, Pred_Len : 90, Constraint : True, Idx : 1
|2025-07-16 19:58:13| MAE - 0.0116 MSE - 0.0006 RMSE - 0.0246 MAPE - 0.0414 NMAE - 0.0321 NRMSE - 0.0593 Acc_10 - 0.9323 DTW - 7.4045 train_time - 12.5375
|2025-07-16 21:05:52| Dataset : financial, Model : financial, Density : 0.700, d_model : 32, Rank : 40, Seq_Len : 36, Pred_Len : 7, Constraint : True, Idx : 1
|2025-07-16 21:05:52| MAE - 0.0041 MSE - 0.0001 RMSE - 0.0089 MAPE - 0.0137 NMAE - 0.0112 NRMSE - 0.0214 Acc_10 - 0.9913 DTW - 0.6781 train_time - 96.5872
|2025-07-16 21:11:09| Dataset : financial, Model : financial, Density : 0.700, d_model : 32, Rank : 40, Seq_Len : 36, Pred_Len : 30, Constraint : True, Idx : 1
|2025-07-16 21:11:09| MAE - 0.0076 MSE - 0.0002 RMSE - 0.0144 MAPE - 0.0255 NMAE - 0.0210 NRMSE - 0.0347 Acc_10 - 0.9750 DTW - 2.6482 train_time - 183.5223
|2025-07-16 21:14:06| Dataset : financial, Model : financial, Density : 0.700, d_model : 32, Rank : 40, Seq_Len : 36, Pred_Len : 7, Constraint : True, Idx : 3
|2025-07-16 21:14:06| MAE - 0.0109 MSE - 0.0004 RMSE - 0.0198 MAPE - 0.0230 NMAE - 0.0145 NRMSE - 0.0253 Acc_10 - 0.9369 DTW - 0.6872 train_time - 27.1532
|2025-07-16 21:15:21| Dataset : financial, Model : financial, Density : 0.700, d_model : 32, Rank : 40, Seq_Len : 36, Pred_Len : 30, Constraint : True, Idx : 3
|2025-07-16 21:15:21| MAE - 0.0183 MSE - 0.0010 RMSE - 0.0320 MAPE - 0.0375 NMAE - 0.0244 NRMSE - 0.0408 Acc_10 - 0.8894 DTW - 2.4091 train_time - 25.2584
|2025-07-16 21:17:02| Dataset : financial, Model : financial, Density : 0.700, d_model : 32, Rank : 40, Seq_Len : 36, Pred_Len : 60, Constraint : True, Idx : 3
|2025-07-16 21:17:02| MAE - 0.0247 MSE - 0.0017 RMSE - 0.0408 MAPE - 0.0499 NMAE - 0.0330 NRMSE - 0.0520 Acc_10 - 0.8699 DTW - 4.5169 train_time - 37.5010
|2025-07-16 21:24:26| Dataset : financial, Model : financial, Density : 0.700, d_model : 32, Rank : 40, Seq_Len : 36, Pred_Len : 7, Constraint : True, Idx : 6
|2025-07-16 21:24:26| MAE - 0.0041 MSE - 0.0001 RMSE - 0.0083 MAPE - 0.0226 NMAE - 0.0181 NRMSE - 0.0288 Acc_10 - 0.9661 DTW - 0.8836 train_time - 157.8354
|2025-07-16 21:43:41| Dataset : financial, Model : financial, Density : 0.700, d_model : 32, Rank : 40, Seq_Len : 36, Pred_Len : 7, Constraint : True, Idx : 1
|2025-07-16 21:43:41| MAE - 0.0042 MSE - 0.0001 RMSE - 0.0087 MAPE - 0.0142 NMAE - 0.0116 NRMSE - 0.0209 Acc_10 - 0.9904 DTW - 0.7002 train_time - 31.6529
|2025-07-16 21:45:42| Dataset : financial, Model : financial, Density : 0.700, d_model : 32, Rank : 40, Seq_Len : 36, Pred_Len : 30, Constraint : True, Idx : 1
|2025-07-16 21:45:42| MAE - 0.0072 MSE - 0.0002 RMSE - 0.0138 MAPE - 0.0241 NMAE - 0.0199 NRMSE - 0.0333 Acc_10 - 0.9770 DTW - 2.5019 train_time - 47.4232
|2025-07-16 21:48:17| Dataset : financial, Model : financial, Density : 0.700, d_model : 32, Rank : 40, Seq_Len : 36, Pred_Len : 60, Constraint : True, Idx : 1
|2025-07-16 21:48:17| MAE - 0.0111 MSE - 0.0004 RMSE - 0.0197 MAPE - 0.0377 NMAE - 0.0307 NRMSE - 0.0475 Acc_10 - 0.9406 DTW - 5.5725 train_time - 69.3762
|2025-07-16 21:51:45| Dataset : financial, Model : financial, Density : 0.700, d_model : 32, Rank : 40, Seq_Len : 36, Pred_Len : 90, Constraint : True, Idx : 1
|2025-07-16 21:51:45| MAE - 0.0163 MSE - 0.0011 RMSE - 0.0330 MAPE - 0.0567 NMAE - 0.0450 NRMSE - 0.0795 Acc_10 - 0.8805 DTW - 10.0792 train_time - 102.8310
|2025-07-16 21:57:20| Dataset : financial, Model : financial, Density : 0.700, d_model : 32, Rank : 40, Seq_Len : 36, Pred_Len : 7, Constraint : True, Idx : 2
|2025-07-16 21:57:20| MAE - 0.0059 MSE - 0.0001 RMSE - 0.0098 MAPE - 0.0409 NMAE - 0.0303 NRMSE - 0.0395 Acc_10 - 0.9027 DTW - 1.9303 train_time - 165.2027
|2025-07-16 21:59:54| Dataset : financial, Model : financial, Density : 0.700, d_model : 32, Rank : 40, Seq_Len : 36, Pred_Len : 30, Constraint : True, Idx : 2
|2025-07-16 21:59:54| MAE - 0.0101 MSE - 0.0003 RMSE - 0.0161 MAPE - 0.0703 NMAE - 0.0519 NRMSE - 0.0648 Acc_10 - 0.7783 DTW - 6.8513 train_time - 41.8356
|2025-07-16 22:01:58| Dataset : financial, Model : financial, Density : 0.700, d_model : 32, Rank : 40, Seq_Len : 36, Pred_Len : 7, Constraint : True, Idx : 3
|2025-07-16 22:01:58| MAE - 0.0099 MSE - 0.0003 RMSE - 0.0185 MAPE - 0.0212 NMAE - 0.0132 NRMSE - 0.0235 Acc_10 - 0.9415 DTW - 0.6345 train_time - 22.9217
|2025-07-16 22:02:54| Dataset : financial, Model : financial, Density : 0.700, d_model : 32, Rank : 40, Seq_Len : 36, Pred_Len : 30, Constraint : True, Idx : 3
|2025-07-16 22:02:54| MAE - 0.0177 MSE - 0.0010 RMSE - 0.0318 MAPE - 0.0364 NMAE - 0.0237 NRMSE - 0.0405 Acc_10 - 0.8942 DTW - 2.3464 train_time - 13.8067
|2025-07-16 22:03:56| Dataset : financial, Model : financial, Density : 0.700, d_model : 32, Rank : 40, Seq_Len : 36, Pred_Len : 60, Constraint : True, Idx : 3
|2025-07-16 22:03:56| MAE - 0.0250 MSE - 0.0018 RMSE - 0.0419 MAPE - 0.0504 NMAE - 0.0334 NRMSE - 0.0534 Acc_10 - 0.8743 DTW - 4.5734 train_time - 17.2027
|2025-07-16 22:04:46| Dataset : financial, Model : financial, Density : 0.700, d_model : 32, Rank : 40, Seq_Len : 36, Pred_Len : 90, Constraint : True, Idx : 3
|2025-07-16 22:04:46| MAE - 0.0319 MSE - 0.0025 RMSE - 0.0500 MAPE - 0.0629 NMAE - 0.0426 NRMSE - 0.0638 Acc_10 - 0.8441 DTW - 7.0364 train_time - 6.7519
|2025-07-16 22:14:15| Dataset : financial, Model : financial, Density : 0.700, d_model : 32, Rank : 40, Seq_Len : 36, Pred_Len : 7, Constraint : True, Idx : 4
|2025-07-16 22:14:15| MAE - 0.0064 MSE - 0.0001 RMSE - 0.0097 MAPE - 0.0366 NMAE - 0.0316 NRMSE - 0.0408 Acc_10 - 0.9270 DTW - 2.9196 train_time - 312.1032
|2025-07-16 22:23:03| Dataset : financial, Model : financial, Density : 0.700, d_model : 32, Rank : 40, Seq_Len : 36, Pred_Len : 7, Constraint : True, Idx : 0
|2025-07-16 22:23:03| MAE - 0.0046 MSE - 0.0000 RMSE - 0.0071 MAPE - 0.0396 NMAE - 0.0284 NRMSE - 0.0332 Acc_10 - 0.9115 DTW - 3.2809 train_time - 145.0449
|2025-07-16 22:25:32| Dataset : financial, Model : financial, Density : 0.700, d_model : 32, Rank : 40, Seq_Len : 36, Pred_Len : 7, Constraint : True, Idx : 1
|2025-07-16 22:25:32| MAE - 0.0043 MSE - 0.0001 RMSE - 0.0087 MAPE - 0.0143 NMAE - 0.0117 NRMSE - 0.0208 Acc_10 - 0.9903 DTW - 0.7121 train_time - 21.7384
|2025-07-16 22:26:59| Dataset : financial, Model : financial, Density : 0.700, d_model : 32, Rank : 40, Seq_Len : 36, Pred_Len : 30, Constraint : True, Idx : 1
|2025-07-16 22:26:59| MAE - 0.0071 MSE - 0.0002 RMSE - 0.0137 MAPE - 0.0238 NMAE - 0.0197 NRMSE - 0.0329 Acc_10 - 0.9772 DTW - 2.4796 train_time - 26.5082
|2025-07-16 22:29:35| Dataset : financial, Model : financial, Density : 0.700, d_model : 32, Rank : 40, Seq_Len : 36, Pred_Len : 60, Constraint : True, Idx : 1
|2025-07-16 22:29:35| MAE - 0.0117 MSE - 0.0004 RMSE - 0.0209 MAPE - 0.0400 NMAE - 0.0324 NRMSE - 0.0504 Acc_10 - 0.9331 DTW - 5.8693 train_time - 73.7107
|2025-07-16 22:31:28| Dataset : financial, Model : financial, Density : 0.700, d_model : 32, Rank : 40, Seq_Len : 36, Pred_Len : 90, Constraint : True, Idx : 1
|2025-07-16 22:31:28| MAE - 0.0147 MSE - 0.0008 RMSE - 0.0275 MAPE - 0.0509 NMAE - 0.0406 NRMSE - 0.0662 Acc_10 - 0.8994 DTW - 9.0606 train_time - 40.5001
|2025-07-16 22:37:53| Dataset : financial, Model : financial, Density : 0.700, d_model : 32, Rank : 40, Seq_Len : 36, Pred_Len : 7, Constraint : True, Idx : 2
|2025-07-16 22:37:53| MAE - 0.0059 MSE - 0.0001 RMSE - 0.0097 MAPE - 0.0413 NMAE - 0.0305 NRMSE - 0.0390 Acc_10 - 0.9052 DTW - 1.9431 train_time - 194.7185
|2025-07-16 22:39:57| Dataset : financial, Model : financial, Density : 0.700, d_model : 32, Rank : 40, Seq_Len : 36, Pred_Len : 30, Constraint : True, Idx : 2
|2025-07-16 22:39:57| MAE - 0.0096 MSE - 0.0002 RMSE - 0.0156 MAPE - 0.0669 NMAE - 0.0493 NRMSE - 0.0629 Acc_10 - 0.7944 DTW - 6.6059 train_time - 33.8504
|2025-07-16 22:53:20| Dataset : financial, Model : financial, Density : 0.700, d_model : 32, Rank : 40, Seq_Len : 36, Pred_Len : 7, Constraint : True, Idx : 1
|2025-07-16 22:53:20| MAE - 0.0044 MSE - 0.0001 RMSE - 0.0084 MAPE - 0.0146 NMAE - 0.0121 NRMSE - 0.0202 Acc_10 - 0.9924 DTW - 0.7120 train_time - 26.3733
|2025-07-16 22:55:08| Dataset : financial, Model : financial, Density : 0.700, d_model : 32, Rank : 40, Seq_Len : 36, Pred_Len : 30, Constraint : True, Idx : 1
|2025-07-16 22:55:08| MAE - 0.0071 MSE - 0.0002 RMSE - 0.0138 MAPE - 0.0236 NMAE - 0.0195 NRMSE - 0.0332 Acc_10 - 0.9760 DTW - 2.4888 train_time - 51.2402
|2025-07-16 22:56:37| Dataset : financial, Model : financial, Density : 0.700, d_model : 32, Rank : 40, Seq_Len : 36, Pred_Len : 60, Constraint : True, Idx : 1
|2025-07-16 22:56:37| MAE - 0.0112 MSE - 0.0004 RMSE - 0.0191 MAPE - 0.0376 NMAE - 0.0309 NRMSE - 0.0461 Acc_10 - 0.9353 DTW - 5.6092 train_time - 25.2949
|2025-07-16 22:58:43| Dataset : financial, Model : financial, Density : 0.700, d_model : 32, Rank : 40, Seq_Len : 36, Pred_Len : 90, Constraint : True, Idx : 1
|2025-07-16 22:58:43| MAE - 0.0138 MSE - 0.0006 RMSE - 0.0242 MAPE - 0.0475 NMAE - 0.0380 NRMSE - 0.0582 Acc_10 - 0.9134 DTW - 8.3536 train_time - 42.0906
|2025-07-16 23:06:08| Dataset : financial, Model : financial, Density : 0.700, d_model : 32, Rank : 40, Seq_Len : 36, Pred_Len : 7, Constraint : True, Idx : 2
|2025-07-16 23:06:08| MAE - 0.0053 MSE - 0.0001 RMSE - 0.0089 MAPE - 0.0366 NMAE - 0.0270 NRMSE - 0.0357 Acc_10 - 0.9240 DTW - 1.7373 train_time - 298.4648
|2025-07-16 23:08:25| Dataset : financial, Model : financial, Density : 0.700, d_model : 32, Rank : 40, Seq_Len : 36, Pred_Len : 30, Constraint : True, Idx : 2
|2025-07-16 23:08:25| MAE - 0.0094 MSE - 0.0002 RMSE - 0.0155 MAPE - 0.0653 NMAE - 0.0481 NRMSE - 0.0625 Acc_10 - 0.7990 DTW - 6.5132 train_time - 36.7908
|2025-07-16 23:09:55| Dataset : financial, Model : financial, Density : 0.700, d_model : 32, Rank : 40, Seq_Len : 36, Pred_Len : 7, Constraint : True, Idx : 3
|2025-07-16 23:09:55| MAE - 0.0085 MSE - 0.0003 RMSE - 0.0158 MAPE - 0.0179 NMAE - 0.0114 NRMSE - 0.0202 Acc_10 - 0.9565 DTW - 0.5434 train_time - 26.7874
|2025-07-16 23:10:29| Dataset : financial, Model : financial, Density : 0.700, d_model : 32, Rank : 40, Seq_Len : 36, Pred_Len : 30, Constraint : True, Idx : 3
|2025-07-16 23:10:29| MAE - 0.0175 MSE - 0.0010 RMSE - 0.0313 MAPE - 0.0360 NMAE - 0.0233 NRMSE - 0.0399 Acc_10 - 0.8945 DTW - 2.3112 train_time - 9.2976
|2025-07-16 23:11:10| Dataset : financial, Model : financial, Density : 0.700, d_model : 32, Rank : 40, Seq_Len : 36, Pred_Len : 60, Constraint : True, Idx : 3
|2025-07-16 23:11:10| MAE - 0.0243 MSE - 0.0015 RMSE - 0.0388 MAPE - 0.0476 NMAE - 0.0325 NRMSE - 0.0495 Acc_10 - 0.8775 DTW - 4.4566 train_time - 11.5583
|2025-07-16 23:12:01| Dataset : financial, Model : financial, Density : 0.700, d_model : 32, Rank : 40, Seq_Len : 36, Pred_Len : 90, Constraint : True, Idx : 3
|2025-07-16 23:12:01| MAE - 0.0316 MSE - 0.0027 RMSE - 0.0519 MAPE - 0.0648 NMAE - 0.0421 NRMSE - 0.0661 Acc_10 - 0.8274 DTW - 7.0934 train_time - 15.0515
|2025-07-16 23:24:03| Dataset : financial, Model : financial, Density : 0.700, d_model : 32, Rank : 40, Seq_Len : 36, Pred_Len : 7, Constraint : True, Idx : 4
|2025-07-16 23:24:03| MAE - 0.0059 MSE - 0.0001 RMSE - 0.0092 MAPE - 0.0342 NMAE - 0.0295 NRMSE - 0.0388 Acc_10 - 0.9366 DTW - 2.7416 train_time - 476.9891
|2025-07-16 23:27:19| Dataset : financial, Model : financial, Density : 0.700, d_model : 32, Rank : 40, Seq_Len : 36, Pred_Len : 7, Constraint : True, Idx : 5
|2025-07-16 23:27:19| MAE - 0.0035 MSE - 0.0001 RMSE - 0.0071 MAPE - 0.0225 NMAE - 0.0188 NRMSE - 0.0258 Acc_10 - 0.9707 DTW - 0.9583 train_time - 61.6471
|2025-07-16 23:30:25| Dataset : financial, Model : financial, Density : 0.700, d_model : 32, Rank : 40, Seq_Len : 36, Pred_Len : 30, Constraint : True, Idx : 5
|2025-07-16 23:30:25| MAE - 0.0057 MSE - 0.0001 RMSE - 0.0114 MAPE - 0.0385 NMAE - 0.0311 NRMSE - 0.0415 Acc_10 - 0.9139 DTW - 3.3423 train_time - 85.3028
|2025-07-16 23:33:43| Dataset : financial, Model : financial, Density : 0.700, d_model : 32, Rank : 40, Seq_Len : 36, Pred_Len : 60, Constraint : True, Idx : 5
|2025-07-16 23:33:43| MAE - 0.0073 MSE - 0.0002 RMSE - 0.0152 MAPE - 0.0492 NMAE - 0.0396 NRMSE - 0.0553 Acc_10 - 0.8719 DTW - 5.9872 train_time - 76.9313
|2025-07-16 23:35:34| Dataset : financial, Model : financial, Density : 0.700, d_model : 32, Rank : 40, Seq_Len : 36, Pred_Len : 7, Constraint : True, Idx : 6
|2025-07-16 23:35:34| MAE - 0.0031 MSE - 0.0000 RMSE - 0.0068 MAPE - 0.0170 NMAE - 0.0136 NRMSE - 0.0237 Acc_10 - 0.9805 DTW - 0.6710 train_time - 32.5589
|2025-07-16 23:38:37| Dataset : financial, Model : financial, Density : 0.700, d_model : 32, Rank : 40, Seq_Len : 36, Pred_Len : 30, Constraint : True, Idx : 6
|2025-07-16 23:38:37| MAE - 0.0064 MSE - 0.0002 RMSE - 0.0130 MAPE - 0.0348 NMAE - 0.0285 NRMSE - 0.0451 Acc_10 - 0.9304 DTW - 3.0157 train_time - 89.2875
|2025-07-16 23:41:41| Dataset : financial, Model : financial, Density : 0.700, d_model : 32, Rank : 40, Seq_Len : 36, Pred_Len : 60, Constraint : True, Idx : 6
|2025-07-16 23:41:41| MAE - 0.0099 MSE - 0.0004 RMSE - 0.0190 MAPE - 0.0538 NMAE - 0.0441 NRMSE - 0.0658 Acc_10 - 0.8818 DTW - 6.6737 train_time - 76.9634
|2025-07-16 23:45:14| Dataset : financial, Model : financial, Density : 0.700, d_model : 32, Rank : 40, Seq_Len : 36, Pred_Len : 90, Constraint : True, Idx : 6
|2025-07-16 23:45:14| MAE - 0.0135 MSE - 0.0007 RMSE - 0.0259 MAPE - 0.0709 NMAE - 0.0596 NRMSE - 0.0899 Acc_10 - 0.8353 DTW - 11.2838 train_time - 79.5363
|2025-07-16 23:49:21| Dataset : financial, Model : financial, Density : 0.700, d_model : 32, Rank : 40, Seq_Len : 36, Pred_Len : 7, Constraint : True, Idx : 7
|2025-07-16 23:49:21| MAE - 0.0109 MSE - 0.0002 RMSE - 0.0158 MAPE - 0.0279 NMAE - 0.0294 NRMSE - 0.0389 Acc_10 - 0.9852 DTW - 3.6809 train_time - 124.8033
|2025-07-16 23:52:11| Dataset : financial, Model : financial, Density : 0.700, d_model : 32, Rank : 40, Seq_Len : 36, Pred_Len : 30, Constraint : True, Idx : 7
|2025-07-16 23:52:11| MAE - 0.0151 MSE - 0.0005 RMSE - 0.0223 MAPE - 0.0389 NMAE - 0.0410 NRMSE - 0.0554 Acc_10 - 0.9254 DTW - 10.9790 train_time - 56.4921
|2025-07-16 23:54:40| Dataset : financial, Model : financial, Density : 0.700, d_model : 32, Rank : 40, Seq_Len : 36, Pred_Len : 7, Constraint : True, Idx : 8
|2025-07-16 23:54:40| MAE - 0.0112 MSE - 0.0004 RMSE - 0.0205 MAPE - 0.0354 NMAE - 0.0346 NRMSE - 0.0514 Acc_10 - 0.9277 DTW - 1.9509 train_time - 49.4088
|2025-07-16 23:56:04| Dataset : financial, Model : financial, Density : 0.700, d_model : 32, Rank : 40, Seq_Len : 36, Pred_Len : 30, Constraint : True, Idx : 8
|2025-07-16 23:56:04| MAE - 0.0194 MSE - 0.0012 RMSE - 0.0343 MAPE - 0.0614 NMAE - 0.0601 NRMSE - 0.0864 Acc_10 - 0.8194 DTW - 7.1700 train_time - 29.6108
|2025-07-16 23:57:27| Dataset : financial, Model : financial, Density : 0.700, d_model : 32, Rank : 40, Seq_Len : 36, Pred_Len : 60, Constraint : True, Idx : 8
|2025-07-16 23:57:27| MAE - 0.0270 MSE - 0.0021 RMSE - 0.0456 MAPE - 0.0853 NMAE - 0.0835 NRMSE - 0.1143 Acc_10 - 0.7336 DTW - 13.9867 train_time - 16.3292
|2025-07-16 23:59:00| Dataset : financial, Model : financial, Density : 0.700, d_model : 32, Rank : 40, Seq_Len : 36, Pred_Len : 90, Constraint : True, Idx : 8
|2025-07-16 23:59:00| MAE - 0.0283 MSE - 0.0022 RMSE - 0.0466 MAPE - 0.0923 NMAE - 0.0876 NRMSE - 0.1168 Acc_10 - 0.7060 DTW - 18.5909 train_time - 7.1912
|2025-07-17 00:09:18| Dataset : financial, Model : financial, Density : 0.700, d_model : 32, Rank : 40, Seq_Len : 36, Pred_Len : 7, Constraint : True, Idx : 9
|2025-07-17 00:09:18| MAE - 0.0050 MSE - 0.0001 RMSE - 0.0091 MAPE - 0.0345 NMAE - 0.0271 NRMSE - 0.0379 Acc_10 - 0.9295 DTW - 2.1245 train_time - 383.1007
|2025-07-17 00:13:06| Dataset : financial, Model : financial, Density : 0.700, d_model : 32, Rank : 40, Seq_Len : 36, Pred_Len : 30, Constraint : True, Idx : 9
|2025-07-17 00:13:06| MAE - 0.0086 MSE - 0.0002 RMSE - 0.0149 MAPE - 0.0593 NMAE - 0.0470 NRMSE - 0.0624 Acc_10 - 0.8099 DTW - 7.7273 train_time - 81.6873
|2025-07-17 00:20:02| Dataset : financial, Model : financial, Density : 0.700, d_model : 32, Rank : 40, Seq_Len : 36, Pred_Len : 7, Constraint : True, Idx : 10
|2025-07-17 00:20:02| MAE - 0.0028 MSE - 0.0000 RMSE - 0.0058 MAPE - 0.0142 NMAE - 0.0132 NRMSE - 0.0213 Acc_10 - 0.9888 DTW - 1.3557 train_time - 206.4842
|2025-07-17 00:22:06| Dataset : financial, Model : financial, Density : 0.700, d_model : 32, Rank : 40, Seq_Len : 36, Pred_Len : 7, Constraint : True, Idx : 11
|2025-07-17 00:22:06| MAE - 0.0014 MSE - 0.0000 RMSE - 0.0029 MAPE - 0.0118 NMAE - 0.0076 NRMSE - 0.0104 Acc_10 - 0.9898 DTW - 0.2308 train_time - 25.6776
|2025-07-17 00:23:20| Dataset : financial, Model : financial, Density : 0.700, d_model : 32, Rank : 40, Seq_Len : 36, Pred_Len : 30, Constraint : True, Idx : 11
|2025-07-17 00:23:20| MAE - 0.0026 MSE - 0.0000 RMSE - 0.0050 MAPE - 0.0227 NMAE - 0.0145 NRMSE - 0.0179 Acc_10 - 0.9741 DTW - 0.9172 train_time - 25.9005
|2025-07-17 00:25:34| Dataset : financial, Model : financial, Density : 0.700, d_model : 32, Rank : 40, Seq_Len : 36, Pred_Len : 60, Constraint : True, Idx : 11
|2025-07-17 00:25:34| MAE - 0.0037 MSE - 0.0000 RMSE - 0.0068 MAPE - 0.0305 NMAE - 0.0204 NRMSE - 0.0241 Acc_10 - 0.9459 DTW - 1.8744 train_time - 65.8185
|2025-07-17 00:29:33| Dataset : financial, Model : financial, Density : 0.700, d_model : 32, Rank : 40, Seq_Len : 36, Pred_Len : 90, Constraint : True, Idx : 11
|2025-07-17 00:29:33| MAE - 0.0044 MSE - 0.0001 RMSE - 0.0080 MAPE - 0.0361 NMAE - 0.0245 NRMSE - 0.0285 Acc_10 - 0.9280 DTW - 2.7203 train_time - 147.0261
|2025-07-17 00:43:02| Dataset : financial, Model : financial, Density : 0.700, d_model : 32, Rank : 40, Seq_Len : 36, Pred_Len : 7, Constraint : True, Idx : 12
|2025-07-17 00:43:02| MAE - 0.0042 MSE - 0.0000 RMSE - 0.0071 MAPE - 0.0426 NMAE - 0.0295 NRMSE - 0.0339 Acc_10 - 0.9068 DTW - 2.6224 train_time - 508.9839
|2025-07-17 00:46:37| Dataset : financial, Model : financial, Density : 0.700, d_model : 32, Rank : 40, Seq_Len : 36, Pred_Len : 7, Constraint : True, Idx : 13
|2025-07-17 00:46:37| MAE - 0.0024 MSE - 0.0000 RMSE - 0.0068 MAPE - 3.8842 NMAE - 0.0118 NRMSE - 0.0217 Acc_10 - 0.6386 DTW - 0.4613 train_time - 76.4128
|2025-07-17 00:51:12| Dataset : financial, Model : financial, Density : 0.700, d_model : 32, Rank : 40, Seq_Len : 36, Pred_Len : 30, Constraint : True, Idx : 13
|2025-07-17 00:51:12| MAE - 0.0048 MSE - 0.0001 RMSE - 0.0120 MAPE - 4.8254 NMAE - 0.0230 NRMSE - 0.0384 Acc_10 - 0.6000 DTW - 1.9415 train_time - 163.1479
|2025-07-17 00:54:07| Dataset : financial, Model : financial, Density : 0.700, d_model : 32, Rank : 40, Seq_Len : 36, Pred_Len : 60, Constraint : True, Idx : 13
|2025-07-17 00:54:07| MAE - 0.0068 MSE - 0.0002 RMSE - 0.0157 MAPE - 7.3499 NMAE - 0.0328 NRMSE - 0.0502 Acc_10 - 0.5555 DTW - 3.8281 train_time - 77.7757
|2025-07-17 00:57:59| Dataset : financial, Model : financial, Density : 0.700, d_model : 32, Rank : 40, Seq_Len : 36, Pred_Len : 90, Constraint : True, Idx : 13
|2025-07-17 00:57:59| MAE - 0.0081 MSE - 0.0003 RMSE - 0.0179 MAPE - 5.1326 NMAE - 0.0387 NRMSE - 0.0571 Acc_10 - 0.5324 DTW - 5.5018 train_time - 109.2042
|2025-07-17 01:11:15| Dataset : financial, Model : financial, Density : 0.700, d_model : 32, Rank : 40, Seq_Len : 36, Pred_Len : 7, Constraint : True, Idx : 14
|2025-07-17 01:11:15| MAE - 0.0050 MSE - 0.0001 RMSE - 0.0080 MAPE - 0.0380 NMAE - 0.0294 NRMSE - 0.0354 Acc_10 - 0.9327 DTW - 2.6008 train_time - 557.5014
|2025-07-17 01:13:15| Dataset : financial, Model : financial, Density : 0.700, d_model : 32, Rank : 40, Seq_Len : 36, Pred_Len : 7, Constraint : True, Idx : 15
|2025-07-17 01:13:15| MAE - 0.0081 MSE - 0.0004 RMSE - 0.0210 MAPE - 0.0524 NMAE - 0.0170 NRMSE - 0.0363 Acc_10 - 0.9182 DTW - 0.3573 train_time - 39.4969
|2025-07-17 01:13:49| Dataset : financial, Model : financial, Density : 0.700, d_model : 32, Rank : 40, Seq_Len : 36, Pred_Len : 30, Constraint : True, Idx : 15
|2025-07-17 01:13:49| MAE - 0.0154 MSE - 0.0014 RMSE - 0.0372 MAPE - 0.0658 NMAE - 0.0323 NRMSE - 0.0641 Acc_10 - 0.8754 DTW - 1.4872 train_time - 10.7195
|2025-07-17 01:14:37| Dataset : financial, Model : financial, Density : 0.700, d_model : 32, Rank : 40, Seq_Len : 36, Pred_Len : 60, Constraint : True, Idx : 15
|2025-07-17 01:14:37| MAE - 0.0221 MSE - 0.0020 RMSE - 0.0447 MAPE - 0.0797 NMAE - 0.0463 NRMSE - 0.0769 Acc_10 - 0.8330 DTW - 2.9008 train_time - 18.8535
|2025-07-17 01:16:17| Dataset : financial, Model : financial, Density : 0.700, d_model : 32, Rank : 40, Seq_Len : 36, Pred_Len : 90, Constraint : True, Idx : 15
|2025-07-17 01:16:17| MAE - 0.0282 MSE - 0.0034 RMSE - 0.0586 MAPE - 0.0920 NMAE - 0.0588 NRMSE - 0.1005 Acc_10 - 0.8152 DTW - 4.4857 train_time - 60.0509
|2025-07-17 01:17:55| Dataset : financial, Model : financial, Density : 0.700, d_model : 32, Rank : 40, Seq_Len : 36, Pred_Len : 7, Constraint : True, Idx : 16
|2025-07-17 01:17:55| MAE - 0.0023 MSE - 0.0000 RMSE - 0.0039 MAPE - 0.0157 NMAE - 0.0084 NRMSE - 0.0111 Acc_10 - 0.9876 DTW - 0.3473 train_time - 43.6195
|2025-07-17 01:18:59| Dataset : financial, Model : financial, Density : 0.700, d_model : 32, Rank : 40, Seq_Len : 36, Pred_Len : 30, Constraint : True, Idx : 16
|2025-07-17 01:18:59| MAE - 0.0050 MSE - 0.0001 RMSE - 0.0082 MAPE - 0.0339 NMAE - 0.0182 NRMSE - 0.0230 Acc_10 - 0.9679 DTW - 1.6033 train_time - 16.5764
|2025-07-17 01:20:30| Dataset : financial, Model : financial, Density : 0.700, d_model : 32, Rank : 40, Seq_Len : 36, Pred_Len : 60, Constraint : True, Idx : 16
|2025-07-17 01:20:30| MAE - 0.0077 MSE - 0.0001 RMSE - 0.0122 MAPE - 0.0524 NMAE - 0.0280 NRMSE - 0.0346 Acc_10 - 0.9247 DTW - 3.4888 train_time - 27.3305
|2025-07-17 01:22:31| Dataset : financial, Model : financial, Density : 0.700, d_model : 32, Rank : 40, Seq_Len : 36, Pred_Len : 90, Constraint : True, Idx : 16
|2025-07-17 01:22:31| MAE - 0.0103 MSE - 0.0003 RMSE - 0.0165 MAPE - 0.0718 NMAE - 0.0373 NRMSE - 0.0465 Acc_10 - 0.8709 DTW - 5.7439 train_time - 35.6194
|2025-07-17 01:24:51| Dataset : financial, Model : financial, Density : 0.700, d_model : 32, Rank : 40, Seq_Len : 36, Pred_Len : 7, Constraint : True, Idx : 17
|2025-07-17 01:24:51| MAE - 0.0018 MSE - 0.0000 RMSE - 0.0046 MAPE - 0.0116 NMAE - 0.0096 NRMSE - 0.0187 Acc_10 - 0.9940 DTW - 0.4580 train_time - 58.6539
|2025-07-17 01:27:33| Dataset : financial, Model : financial, Density : 0.700, d_model : 32, Rank : 40, Seq_Len : 36, Pred_Len : 30, Constraint : True, Idx : 17
|2025-07-17 01:27:33| MAE - 0.0032 MSE - 0.0000 RMSE - 0.0062 MAPE - 0.0216 NMAE - 0.0175 NRMSE - 0.0253 Acc_10 - 0.9770 DTW - 1.7370 train_time - 76.0907
|2025-07-17 01:30:18| Dataset : financial, Model : financial, Density : 0.700, d_model : 32, Rank : 40, Seq_Len : 36, Pred_Len : 60, Constraint : True, Idx : 17
|2025-07-17 01:30:18| MAE - 0.0047 MSE - 0.0001 RMSE - 0.0091 MAPE - 0.0322 NMAE - 0.0254 NRMSE - 0.0371 Acc_10 - 0.9475 DTW - 3.6954 train_time - 60.4923
|2025-07-17 01:42:09| Dataset : financial, Model : financial, Density : 0.700, d_model : 32, Rank : 40, Seq_Len : 36, Pred_Len : 7, Constraint : True, Idx : 18
|2025-07-17 01:42:09| MAE - 0.0052 MSE - 0.0001 RMSE - 0.0081 MAPE - 0.0494 NMAE - 0.0324 NRMSE - 0.0366 Acc_10 - 0.8812 DTW - 2.8574 train_time - 428.6890
|2025-07-17 01:44:22| Dataset : financial, Model : financial, Density : 0.700, d_model : 32, Rank : 40, Seq_Len : 36, Pred_Len : 7, Constraint : True, Idx : 19
|2025-07-17 01:44:22| MAE - 0.0037 MSE - 0.0000 RMSE - 0.0069 MAPE - 0.0148 NMAE - 0.0089 NRMSE - 0.0145 Acc_10 - 0.9882 DTW - 0.6668 train_time - 25.8617
|2025-07-17 01:46:01| Dataset : financial, Model : financial, Density : 0.700, d_model : 32, Rank : 40, Seq_Len : 36, Pred_Len : 30, Constraint : True, Idx : 19
|2025-07-17 01:46:01| MAE - 0.0087 MSE - 0.0002 RMSE - 0.0144 MAPE - 0.0337 NMAE - 0.0210 NRMSE - 0.0304 Acc_10 - 0.9402 DTW - 3.2717 train_time - 35.5364
|2025-07-17 01:47:50| Dataset : financial, Model : financial, Density : 0.700, d_model : 32, Rank : 40, Seq_Len : 36, Pred_Len : 60, Constraint : True, Idx : 19
|2025-07-17 01:47:50| MAE - 0.0142 MSE - 0.0004 RMSE - 0.0211 MAPE - 0.0570 NMAE - 0.0344 NRMSE - 0.0442 Acc_10 - 0.8764 DTW - 7.6208 train_time - 28.5576
|2025-07-17 01:51:30| Dataset : financial, Model : financial, Density : 0.700, d_model : 32, Rank : 40, Seq_Len : 36, Pred_Len : 90, Constraint : True, Idx : 19
|2025-07-17 01:51:30| MAE - 0.0199 MSE - 0.0010 RMSE - 0.0312 MAPE - 0.0801 NMAE - 0.0483 NRMSE - 0.0656 Acc_10 - 0.8168 DTW - 13.4435 train_time - 103.5807
|2025-07-17 01:53:04| Dataset : financial, Model : financial, Density : 0.700, d_model : 32, Rank : 40, Seq_Len : 36, Pred_Len : 7, Constraint : True, Idx : 20
|2025-07-17 01:53:04| MAE - 0.0048 MSE - 0.0001 RMSE - 0.0109 MAPE - 0.0292 NMAE - 0.0166 NRMSE - 0.0296 Acc_10 - 0.9471 DTW - 0.7487 train_time - 42.2961
|2025-07-17 01:55:42| Dataset : financial, Model : financial, Density : 0.700, d_model : 32, Rank : 40, Seq_Len : 36, Pred_Len : 30, Constraint : True, Idx : 20
|2025-07-17 01:55:42| MAE - 0.0080 MSE - 0.0003 RMSE - 0.0184 MAPE - 0.0500 NMAE - 0.0276 NRMSE - 0.0501 Acc_10 - 0.9068 DTW - 2.7932 train_time - 91.5177
|2025-07-17 01:57:33| Dataset : financial, Model : financial, Density : 0.700, d_model : 32, Rank : 40, Seq_Len : 36, Pred_Len : 60, Constraint : True, Idx : 20
|2025-07-17 01:57:33| MAE - 0.0131 MSE - 0.0007 RMSE - 0.0271 MAPE - 0.0768 NMAE - 0.0450 NRMSE - 0.0735 Acc_10 - 0.8472 DTW - 6.2191 train_time - 47.3687
|2025-07-17 02:00:23| Dataset : financial, Model : financial, Density : 0.700, d_model : 32, Rank : 40, Seq_Len : 36, Pred_Len : 90, Constraint : True, Idx : 20
|2025-07-17 02:00:23| MAE - 0.0169 MSE - 0.0013 RMSE - 0.0357 MAPE - 0.0902 NMAE - 0.0581 NRMSE - 0.0969 Acc_10 - 0.8105 DTW - 10.0643 train_time - 85.4859
|2025-07-17 02:06:52| Dataset : financial, Model : financial, Density : 0.700, d_model : 32, Rank : 40, Seq_Len : 36, Pred_Len : 7, Constraint : True, Idx : 21
|2025-07-17 02:06:52| MAE - 0.0023 MSE - 0.0000 RMSE - 0.0053 MAPE - 0.0099 NMAE - 0.0092 NRMSE - 0.0175 Acc_10 - 0.9948 DTW - 1.1066 train_time - 216.4019
|2025-07-17 02:10:44| Dataset : financial, Model : financial, Density : 0.700, d_model : 32, Rank : 40, Seq_Len : 36, Pred_Len : 30, Constraint : True, Idx : 21
|2025-07-17 02:10:44| MAE - 0.0041 MSE - 0.0001 RMSE - 0.0082 MAPE - 0.0175 NMAE - 0.0163 NRMSE - 0.0275 Acc_10 - 0.9830 DTW - 4.1554 train_time - 83.9187
|2025-07-17 02:11:44| Dataset : financial, Model : financial, Density : 0.700, d_model : 32, Rank : 40, Seq_Len : 36, Pred_Len : 7, Constraint : True, Idx : 22
|2025-07-17 02:11:44| MAE - 0.0055 MSE - 0.0001 RMSE - 0.0074 MAPE - 0.0316 NMAE - 0.0165 NRMSE - 0.0175 Acc_10 - 0.9358 DTW - 0.2746 train_time - 5.3087
|2025-07-17 02:12:12| Dataset : financial, Model : financial, Density : 0.700, d_model : 32, Rank : 40, Seq_Len : 36, Pred_Len : 30, Constraint : True, Idx : 22
|2025-07-17 02:12:12| MAE - 0.0070 MSE - 0.0001 RMSE - 0.0104 MAPE - 0.0437 NMAE - 0.0210 NRMSE - 0.0246 Acc_10 - 0.9037 DTW - 0.7559 train_time - 5.7154
|2025-07-17 02:13:03| Dataset : financial, Model : financial, Density : 0.700, d_model : 32, Rank : 40, Seq_Len : 36, Pred_Len : 60, Constraint : True, Idx : 22
|2025-07-17 02:13:03| MAE - 0.0112 MSE - 0.0003 RMSE - 0.0180 MAPE - 0.0768 NMAE - 0.0338 NRMSE - 0.0425 Acc_10 - 0.8363 DTW - 1.7756 train_time - 20.2744
|2025-07-17 02:14:02| Dataset : financial, Model : financial, Density : 0.700, d_model : 32, Rank : 40, Seq_Len : 36, Pred_Len : 90, Constraint : True, Idx : 22
|2025-07-17 02:14:02| MAE - 0.0116 MSE - 0.0004 RMSE - 0.0199 MAPE - 0.0880 NMAE - 0.0349 NRMSE - 0.0469 Acc_10 - 0.8448 DTW - 2.2701 train_time - 22.3839
|2025-07-17 02:16:00| Dataset : financial, Model : financial, Density : 0.700, d_model : 32, Rank : 40, Seq_Len : 36, Pred_Len : 7, Constraint : True, Idx : 24
|2025-07-17 02:16:00| MAE - 0.0006 MSE - 0.0000 RMSE - 0.0012 MAPE - 0.0017 NMAE - 0.0016 NRMSE - 0.0026 Acc_10 - 1.0000 DTW - 0.0180 train_time - 4.3587
|2025-07-17 02:16:24| Dataset : financial, Model : financial, Density : 0.700, d_model : 32, Rank : 40, Seq_Len : 36, Pred_Len : 30, Constraint : True, Idx : 24
|2025-07-17 02:16:24| MAE - 0.0005 MSE - 0.0000 RMSE - 0.0012 MAPE - 0.0014 NMAE - 0.0014 NRMSE - 0.0026 Acc_10 - 1.0000 DTW - 0.0317 train_time - 4.8259
|2025-07-17 02:16:53| Dataset : financial, Model : financial, Density : 0.700, d_model : 32, Rank : 40, Seq_Len : 36, Pred_Len : 60, Constraint : True, Idx : 24
|2025-07-17 02:16:53| MAE - 0.0007 MSE - 0.0000 RMSE - 0.0018 MAPE - 0.0016 NMAE - 0.0020 NRMSE - 0.0038 Acc_10 - 1.0000 DTW - 0.0632 train_time - 6.0039
|2025-07-17 02:17:31| Dataset : financial, Model : financial, Density : 0.700, d_model : 32, Rank : 40, Seq_Len : 36, Pred_Len : 90, Constraint : True, Idx : 24
|2025-07-17 02:17:31| MAE - 0.0007 MSE - 0.0000 RMSE - 0.0016 MAPE - 0.0015 NMAE - 0.0019 NRMSE - 0.0034 Acc_10 - 1.0000 DTW - 0.0705 train_time - 9.5555
|2025-07-17 02:18:40| Dataset : financial, Model : financial, Density : 0.700, d_model : 32, Rank : 40, Seq_Len : 36, Pred_Len : 7, Constraint : True, Idx : 25
|2025-07-17 02:18:40| MAE - 0.0025 MSE - 0.0001 RMSE - 0.0093 MAPE - inf NMAE - 0.0255 NRMSE - 0.0473 Acc_10 - 0.9470 DTW - 0.4618 train_time - 23.8979
|2025-07-17 02:19:50| Dataset : financial, Model : financial, Density : 0.700, d_model : 32, Rank : 40, Seq_Len : 36, Pred_Len : 30, Constraint : True, Idx : 25
|2025-07-17 02:19:50| MAE - 0.0039 MSE - 0.0002 RMSE - 0.0149 MAPE - inf NMAE - 0.0398 NRMSE - 0.0755 Acc_10 - 0.9219 DTW - 1.5142 train_time - 19.6646
|2025-07-17 02:21:09| Dataset : financial, Model : financial, Density : 0.700, d_model : 32, Rank : 40, Seq_Len : 36, Pred_Len : 60, Constraint : True, Idx : 25
|2025-07-17 02:21:09| MAE - 0.0057 MSE - 0.0005 RMSE - 0.0227 MAPE - inf NMAE - 0.0591 NRMSE - 0.1141 Acc_10 - 0.8850 DTW - 3.2744 train_time - 15.1454
|2025-07-17 02:22:54| Dataset : financial, Model : financial, Density : 0.700, d_model : 32, Rank : 40, Seq_Len : 36, Pred_Len : 90, Constraint : True, Idx : 25
|2025-07-17 02:22:54| MAE - 0.0056 MSE - 0.0003 RMSE - 0.0175 MAPE - inf NMAE - 0.0575 NRMSE - 0.0884 Acc_10 - 0.8468 DTW - 4.0959 train_time - 21.6704
|2025-07-17 02:27:40| Dataset : financial, Model : financial, Density : 0.700, d_model : 32, Rank : 40, Seq_Len : 36, Pred_Len : 7, Constraint : True, Idx : 26
|2025-07-17 02:27:40| MAE - 0.0052 MSE - 0.0001 RMSE - 0.0090 MAPE - 0.0296 NMAE - 0.0231 NRMSE - 0.0319 Acc_10 - 0.9488 DTW - 2.2353 train_time - 145.8562
|2025-07-17 02:36:18| Dataset : financial, Model : financial, Density : 0.700, d_model : 32, Rank : 40, Seq_Len : 36, Pred_Len : 30, Constraint : True, Idx : 26
|2025-07-17 02:36:18| MAE - 0.0086 MSE - 0.0002 RMSE - 0.0146 MAPE - 0.0497 NMAE - 0.0386 NRMSE - 0.0517 Acc_10 - 0.8751 DTW - 7.7998 train_time - 323.3654
|2025-07-17 02:39:58| Dataset : financial, Model : financial, Density : 0.700, d_model : 32, Rank : 40, Seq_Len : 36, Pred_Len : 7, Constraint : True, Idx : 27
|2025-07-17 02:39:58| MAE - 0.0048 MSE - 0.0001 RMSE - 0.0093 MAPE - 0.0239 NMAE - 0.0217 NRMSE - 0.0327 Acc_10 - 0.9625 DTW - 1.7012 train_time - 76.2118
|2025-07-17 02:42:40| Dataset : financial, Model : financial, Density : 0.700, d_model : 32, Rank : 40, Seq_Len : 36, Pred_Len : 30, Constraint : True, Idx : 27
|2025-07-17 02:42:40| MAE - 0.0083 MSE - 0.0002 RMSE - 0.0155 MAPE - 0.0411 NMAE - 0.0378 NRMSE - 0.0544 Acc_10 - 0.9049 DTW - 6.2133 train_time - 48.9232
|2025-07-17 02:49:55| Dataset : financial, Model : financial, Density : 0.700, d_model : 32, Rank : 40, Seq_Len : 36, Pred_Len : 7, Constraint : True, Idx : 28
|2025-07-17 02:49:55| MAE - 0.0046 MSE - 0.0001 RMSE - 0.0078 MAPE - 0.0294 NMAE - 0.0221 NRMSE - 0.0308 Acc_10 - 0.9427 DTW - 1.7300 train_time - 235.2701
|2025-07-17 02:55:41| Dataset : financial, Model : financial, Density : 0.700, d_model : 32, Rank : 40, Seq_Len : 36, Pred_Len : 30, Constraint : True, Idx : 28
|2025-07-17 02:55:41| MAE - 0.0086 MSE - 0.0002 RMSE - 0.0139 MAPE - 0.0556 NMAE - 0.0414 NRMSE - 0.0545 Acc_10 - 0.8573 DTW - 6.7388 train_time - 195.9210
|2025-07-17 03:08:44| Dataset : financial, Model : financial, Density : 0.700, d_model : 32, Rank : 40, Seq_Len : 36, Pred_Len : 7, Constraint : True, Idx : 29
|2025-07-17 03:08:44| MAE - 0.0056 MSE - 0.0001 RMSE - 0.0085 MAPE - 0.0403 NMAE - 0.0296 NRMSE - 0.0350 Acc_10 - 0.9187 DTW - 2.6591 train_time - 520.2750
|2025-07-17 03:10:28| Dataset : financial, Model : financial, Density : 0.700, d_model : 32, Rank : 40, Seq_Len : 36, Pred_Len : 7, Constraint : True, Idx : 30
|2025-07-17 03:10:28| MAE - 0.0105 MSE - 0.0005 RMSE - 0.0219 MAPE - 0.0269 NMAE - 0.0218 NRMSE - 0.0405 Acc_10 - 0.9479 DTW - 0.6139 train_time - 22.2152
|2025-07-17 03:11:37| Dataset : financial, Model : financial, Density : 0.700, d_model : 32, Rank : 40, Seq_Len : 36, Pred_Len : 30, Constraint : True, Idx : 30
|2025-07-17 03:11:37| MAE - 0.0149 MSE - 0.0007 RMSE - 0.0263 MAPE - 0.0379 NMAE - 0.0310 NRMSE - 0.0485 Acc_10 - 0.9109 DTW - 1.8825 train_time - 36.2389
|2025-07-17 03:12:25| Dataset : financial, Model : financial, Density : 0.700, d_model : 32, Rank : 40, Seq_Len : 36, Pred_Len : 60, Constraint : True, Idx : 30
|2025-07-17 03:12:25| MAE - 0.0201 MSE - 0.0011 RMSE - 0.0336 MAPE - 0.0521 NMAE - 0.0421 NRMSE - 0.0621 Acc_10 - 0.8545 DTW - 3.5023 train_time - 16.6885
|2025-07-17 03:14:14| Dataset : financial, Model : financial, Density : 0.700, d_model : 32, Rank : 40, Seq_Len : 36, Pred_Len : 90, Constraint : True, Idx : 30
|2025-07-17 03:14:14| MAE - 0.0225 MSE - 0.0014 RMSE - 0.0372 MAPE - 0.0577 NMAE - 0.0471 NRMSE - 0.0689 Acc_10 - 0.8343 DTW - 4.7435 train_time - 67.3231
|2025-07-17 03:20:31| Dataset : financial, Model : financial, Density : 0.700, d_model : 32, Rank : 40, Seq_Len : 36, Pred_Len : 7, Constraint : True, Idx : 31
|2025-07-17 03:20:31| MAE - 0.0069 MSE - 0.0001 RMSE - 0.0110 MAPE - 0.0296 NMAE - 0.0258 NRMSE - 0.0333 Acc_10 - 0.9614 DTW - 2.7877 train_time - 215.3766
|2025-07-17 03:23:36| Dataset : financial, Model : financial, Density : 0.700, d_model : 32, Rank : 40, Seq_Len : 36, Pred_Len : 30, Constraint : True, Idx : 31
|2025-07-17 03:23:36| MAE - 0.0114 MSE - 0.0003 RMSE - 0.0173 MAPE - 0.0482 NMAE - 0.0426 NRMSE - 0.0524 Acc_10 - 0.8824 DTW - 9.6737 train_time - 62.5996
|2025-07-17 03:29:29| Dataset : financial, Model : financial, Density : 0.700, d_model : 32, Rank : 40, Seq_Len : 36, Pred_Len : 7, Constraint : True, Idx : 32
|2025-07-17 03:29:29| MAE - 0.0053 MSE - 0.0001 RMSE - 0.0090 MAPE - 0.0832 NMAE - 0.0389 NRMSE - 0.0445 Acc_10 - 0.7798 DTW - 2.1197 train_time - 173.7356
|2025-07-17 03:31:36| Dataset : financial, Model : financial, Density : 0.700, d_model : 32, Rank : 40, Seq_Len : 36, Pred_Len : 30, Constraint : True, Idx : 32
|2025-07-17 03:31:36| MAE - 0.0104 MSE - 0.0003 RMSE - 0.0174 MAPE - 0.1553 NMAE - 0.0764 NRMSE - 0.0860 Acc_10 - 0.5674 DTW - 8.7455 train_time - 23.1253
|2025-07-17 03:34:37| Dataset : financial, Model : financial, Density : 0.700, d_model : 32, Rank : 40, Seq_Len : 36, Pred_Len : 7, Constraint : True, Idx : 33
|2025-07-17 03:34:37| MAE - 0.0123 MSE - 0.0003 RMSE - 0.0175 MAPE - 0.0718 NMAE - 0.0550 NRMSE - 0.0647 Acc_10 - 0.7687 DTW - 2.4599 train_time - 73.0819
|2025-07-17 03:35:58| Dataset : financial, Model : financial, Density : 0.700, d_model : 32, Rank : 40, Seq_Len : 36, Pred_Len : 30, Constraint : True, Idx : 33
|2025-07-17 03:35:58| MAE - 0.0209 MSE - 0.0009 RMSE - 0.0301 MAPE - 0.1240 NMAE - 0.0938 NRMSE - 0.1111 Acc_10 - 0.5973 DTW - 8.8441 train_time - 22.1777
|2025-07-17 03:37:40| Dataset : financial, Model : financial, Density : 0.700, d_model : 32, Rank : 40, Seq_Len : 36, Pred_Len : 60, Constraint : True, Idx : 33
|2025-07-17 03:37:40| MAE - 0.0270 MSE - 0.0014 RMSE - 0.0372 MAPE - 0.1624 NMAE - 0.1207 NRMSE - 0.1365 Acc_10 - 0.4904 DTW - 16.0490 train_time - 23.0259
|2025-07-17 03:40:03| Dataset : financial, Model : financial, Density : 0.700, d_model : 32, Rank : 40, Seq_Len : 36, Pred_Len : 90, Constraint : True, Idx : 33
|2025-07-17 03:40:03| MAE - 0.0268 MSE - 0.0014 RMSE - 0.0373 MAPE - 0.1593 NMAE - 0.1199 NRMSE - 0.1373 Acc_10 - 0.4980 DTW - 20.0170 train_time - 39.6674
|2025-07-17 03:48:56| Dataset : financial, Model : financial, Density : 0.700, d_model : 32, Rank : 40, Seq_Len : 36, Pred_Len : 7, Constraint : True, Idx : 34
|2025-07-17 03:48:56| MAE - 0.0037 MSE - 0.0000 RMSE - 0.0070 MAPE - 0.0433 NMAE - 0.0319 NRMSE - 0.0405 Acc_10 - 0.8997 DTW - 1.4356 train_time - 355.9556
|2025-07-17 03:53:47| Dataset : financial, Model : financial, Density : 0.700, d_model : 32, Rank : 40, Seq_Len : 36, Pred_Len : 30, Constraint : True, Idx : 34
|2025-07-17 03:53:47| MAE - 0.0067 MSE - 0.0002 RMSE - 0.0129 MAPE - 0.0755 NMAE - 0.0573 NRMSE - 0.0744 Acc_10 - 0.7533 DTW - 5.4472 train_time - 150.6662
|2025-07-17 04:07:19| Dataset : financial, Model : financial, Density : 0.700, d_model : 32, Rank : 40, Seq_Len : 36, Pred_Len : 7, Constraint : True, Idx : 36
|2025-07-17 04:07:19| MAE - 0.0037 MSE - 0.0000 RMSE - 0.0063 MAPE - 0.0420 NMAE - 0.0269 NRMSE - 0.0329 Acc_10 - 0.8991 DTW - 1.7901 train_time - 473.9997
|2025-07-17 04:09:45| Dataset : financial, Model : financial, Density : 0.700, d_model : 32, Rank : 40, Seq_Len : 36, Pred_Len : 7, Constraint : True, Idx : 37
|2025-07-17 04:09:45| MAE - 0.0046 MSE - 0.0001 RMSE - 0.0071 MAPE - 0.0217 NMAE - 0.0159 NRMSE - 0.0211 Acc_10 - 0.9743 DTW - 0.6194 train_time - 43.4035
|2025-07-17 04:10:40| Dataset : financial, Model : financial, Density : 0.700, d_model : 32, Rank : 40, Seq_Len : 36, Pred_Len : 30, Constraint : True, Idx : 37
|2025-07-17 04:10:40| MAE - 0.0084 MSE - 0.0002 RMSE - 0.0127 MAPE - 0.0397 NMAE - 0.0296 NRMSE - 0.0378 Acc_10 - 0.8935 DTW - 2.4074 train_time - 13.4039
|2025-07-17 04:11:54| Dataset : financial, Model : financial, Density : 0.700, d_model : 32, Rank : 40, Seq_Len : 36, Pred_Len : 60, Constraint : True, Idx : 37
|2025-07-17 04:11:54| MAE - 0.0113 MSE - 0.0003 RMSE - 0.0169 MAPE - 0.0528 NMAE - 0.0396 NRMSE - 0.0503 Acc_10 - 0.8350 DTW - 4.6062 train_time - 19.2419
|2025-07-17 04:13:51| Dataset : financial, Model : financial, Density : 0.700, d_model : 32, Rank : 40, Seq_Len : 36, Pred_Len : 90, Constraint : True, Idx : 37
|2025-07-17 04:13:51| MAE - 0.0137 MSE - 0.0004 RMSE - 0.0205 MAPE - 0.0654 NMAE - 0.0479 NRMSE - 0.0608 Acc_10 - 0.7949 DTW - 6.7631 train_time - 46.7075
|2025-07-17 04:23:16| Dataset : financial, Model : financial, Density : 0.700, d_model : 32, Rank : 40, Seq_Len : 36, Pred_Len : 7, Constraint : True, Idx : 38
|2025-07-17 04:23:16| MAE - 0.0054 MSE - 0.0001 RMSE - 0.0094 MAPE - 0.0246 NMAE - 0.0216 NRMSE - 0.0324 Acc_10 - 0.9606 DTW - 2.6811 train_time - 339.4711
|2025-07-17 04:28:46| Dataset : financial, Model : financial, Density : 0.700, d_model : 32, Rank : 40, Seq_Len : 36, Pred_Len : 7, Constraint : True, Idx : 39
|2025-07-17 04:28:46| MAE - 0.0045 MSE - 0.0001 RMSE - 0.0072 MAPE - 0.0905 NMAE - 0.0368 NRMSE - 0.0418 Acc_10 - 0.7834 DTW - 1.7152 train_time - 143.0786
|2025-07-17 04:31:54| Dataset : financial, Model : financial, Density : 0.700, d_model : 32, Rank : 40, Seq_Len : 36, Pred_Len : 30, Constraint : True, Idx : 39
|2025-07-17 04:31:54| MAE - 0.0085 MSE - 0.0002 RMSE - 0.0131 MAPE - 0.1779 NMAE - 0.0687 NRMSE - 0.0762 Acc_10 - 0.6112 DTW - 6.7533 train_time - 62.5369
|2025-07-17 04:33:06| Dataset : financial, Model : financial, Density : 0.700, d_model : 32, Rank : 40, Seq_Len : 36, Pred_Len : 7, Constraint : True, Idx : 40
|2025-07-17 04:33:06| MAE - 0.0070 MSE - 0.0002 RMSE - 0.0141 MAPE - 0.0304 NMAE - 0.0235 NRMSE - 0.0367 Acc_10 - 0.9313 DTW - 0.6676 train_time - 10.5416
|2025-07-17 04:33:41| Dataset : financial, Model : financial, Density : 0.700, d_model : 32, Rank : 40, Seq_Len : 36, Pred_Len : 30, Constraint : True, Idx : 40
|2025-07-17 04:33:41| MAE - 0.0110 MSE - 0.0005 RMSE - 0.0221 MAPE - 0.0579 NMAE - 0.0373 NRMSE - 0.0577 Acc_10 - 0.8889 DTW - 2.2271 train_time - 4.0308
|2025-07-17 04:34:40| Dataset : financial, Model : financial, Density : 0.700, d_model : 32, Rank : 40, Seq_Len : 36, Pred_Len : 60, Constraint : True, Idx : 40
|2025-07-17 04:34:40| MAE - 0.0146 MSE - 0.0008 RMSE - 0.0289 MAPE - 0.0765 NMAE - 0.0497 NRMSE - 0.0760 Acc_10 - 0.8662 DTW - 4.1779 train_time - 15.7965
|2025-07-17 04:35:45| Dataset : financial, Model : financial, Density : 0.700, d_model : 32, Rank : 40, Seq_Len : 36, Pred_Len : 90, Constraint : True, Idx : 40
|2025-07-17 04:35:45| MAE - 0.0155 MSE - 0.0010 RMSE - 0.0319 MAPE - 0.0806 NMAE - 0.0527 NRMSE - 0.0838 Acc_10 - 0.8593 DTW - 5.5829 train_time - 10.9570
|2025-07-17 04:38:49| Dataset : financial, Model : financial, Density : 0.700, d_model : 32, Rank : 40, Seq_Len : 36, Pred_Len : 7, Constraint : True, Idx : 42
|2025-07-17 04:38:49| MAE - 0.0019 MSE - 0.0000 RMSE - 0.0037 MAPE - 0.0091 NMAE - 0.0074 NRMSE - 0.0108 Acc_10 - 0.9988 DTW - 0.3072 train_time - 38.2668
|2025-07-17 04:40:45| Dataset : financial, Model : financial, Density : 0.700, d_model : 32, Rank : 40, Seq_Len : 36, Pred_Len : 30, Constraint : True, Idx : 42
|2025-07-17 04:40:45| MAE - 0.0042 MSE - 0.0001 RMSE - 0.0080 MAPE - 0.0189 NMAE - 0.0165 NRMSE - 0.0229 Acc_10 - 0.9942 DTW - 1.4799 train_time - 56.6007
|2025-07-17 04:42:38| Dataset : financial, Model : financial, Density : 0.700, d_model : 32, Rank : 40, Seq_Len : 36, Pred_Len : 60, Constraint : True, Idx : 42
|2025-07-17 04:42:38| MAE - 0.0063 MSE - 0.0001 RMSE - 0.0118 MAPE - 0.0282 NMAE - 0.0248 NRMSE - 0.0339 Acc_10 - 0.9717 DTW - 3.1427 train_time - 44.2440
|2025-07-17 04:44:40| Dataset : financial, Model : financial, Density : 0.700, d_model : 32, Rank : 40, Seq_Len : 36, Pred_Len : 90, Constraint : True, Idx : 42
|2025-07-17 04:44:40| MAE - 0.0070 MSE - 0.0002 RMSE - 0.0124 MAPE - 0.0335 NMAE - 0.0278 NRMSE - 0.0356 Acc_10 - 0.9687 DTW - 4.2744 train_time - 34.4164
|2025-07-17 04:47:21| Dataset : financial, Model : financial, Density : 0.700, d_model : 32, Rank : 40, Seq_Len : 36, Pred_Len : 7, Constraint : True, Idx : 44
|2025-07-17 04:47:21| MAE - 0.0021 MSE - 0.0000 RMSE - 0.0038 MAPE - 0.0072 NMAE - 0.0059 NRMSE - 0.0088 Acc_10 - 0.9986 DTW - 0.2385 train_time - 33.4616
|2025-07-17 04:48:07| Dataset : financial, Model : financial, Density : 0.700, d_model : 32, Rank : 40, Seq_Len : 36, Pred_Len : 30, Constraint : True, Idx : 44
|2025-07-17 04:48:07| MAE - 0.0043 MSE - 0.0001 RMSE - 0.0073 MAPE - 0.0138 NMAE - 0.0119 NRMSE - 0.0168 Acc_10 - 0.9967 DTW - 1.0078 train_time - 11.8315
|2025-07-17 04:49:23| Dataset : financial, Model : financial, Density : 0.700, d_model : 32, Rank : 40, Seq_Len : 36, Pred_Len : 60, Constraint : True, Idx : 44
|2025-07-17 04:49:23| MAE - 0.0062 MSE - 0.0001 RMSE - 0.0103 MAPE - 0.0198 NMAE - 0.0174 NRMSE - 0.0238 Acc_10 - 0.9906 DTW - 2.0625 train_time - 30.8530
|2025-07-17 04:50:40| Dataset : financial, Model : financial, Density : 0.700, d_model : 32, Rank : 40, Seq_Len : 36, Pred_Len : 90, Constraint : True, Idx : 44
|2025-07-17 04:50:40| MAE - 0.0064 MSE - 0.0001 RMSE - 0.0103 MAPE - 0.0213 NMAE - 0.0178 NRMSE - 0.0237 Acc_10 - 0.9812 DTW - 2.6653 train_time - 22.1750
|2025-07-17 04:55:58| Dataset : financial, Model : financial, Density : 0.700, d_model : 32, Rank : 40, Seq_Len : 36, Pred_Len : 7, Constraint : True, Idx : 48
|2025-07-17 04:55:58| MAE - 0.0066 MSE - 0.0004 RMSE - 0.0207 MAPE - 0.0237 NMAE - 0.0218 NRMSE - 0.0514 Acc_10 - 0.9602 DTW - 0.2883 train_time - 17.4245
|2025-07-17 04:56:28| Dataset : financial, Model : financial, Density : 0.700, d_model : 32, Rank : 40, Seq_Len : 36, Pred_Len : 30, Constraint : True, Idx : 48
|2025-07-17 04:56:28| MAE - 0.0134 MSE - 0.0014 RMSE - 0.0368 MAPE - 0.0472 NMAE - 0.0440 NRMSE - 0.0911 Acc_10 - 0.8978 DTW - 1.1727 train_time - 7.3974
|2025-07-17 04:57:30| Dataset : financial, Model : financial, Density : 0.700, d_model : 32, Rank : 40, Seq_Len : 36, Pred_Len : 60, Constraint : True, Idx : 48
|2025-07-17 04:57:30| MAE - 0.0164 MSE - 0.0019 RMSE - 0.0436 MAPE - 0.0735 NMAE - 0.0538 NRMSE - 0.1078 Acc_10 - 0.8634 DTW - 2.0801 train_time - 30.0405
|2025-07-17 04:58:27| Dataset : financial, Model : financial, Density : 0.700, d_model : 32, Rank : 40, Seq_Len : 36, Pred_Len : 90, Constraint : True, Idx : 48
|2025-07-17 04:58:27| MAE - 0.0232 MSE - 0.0033 RMSE - 0.0576 MAPE - 0.1167 NMAE - 0.0759 NRMSE - 0.1421 Acc_10 - 0.8086 DTW - 3.4406 train_time - 20.4910
|2025-07-17 04:59:35| Dataset : financial, Model : financial, Density : 0.700, d_model : 32, Rank : 40, Seq_Len : 36, Pred_Len : 7, Constraint : True, Idx : 49
|2025-07-17 04:59:35| MAE - 0.0051 MSE - 0.0002 RMSE - 0.0141 MAPE - 0.0728 NMAE - 0.0222 NRMSE - 0.0466 Acc_10 - 0.8841 DTW - 0.3886 train_time - 28.5679
