|2025-06-05 17:28:09| Dataset : WEATHER, Model : mlp, Density : 0.700, Bs : 32, Rank : 32, Seq_len : 96, Pred_len : 96,
|2025-06-05 17:28:09| MAE - 0.2044 MSE - 0.1688 RMSE - 0.4109 MAPE - 6.2822 NMAE - 0.3148 NRMSE - 0.4924 Acc_10 - 0.0408 train_time - 605.3010


|2025-06-05 18:30:07| Dataset : WEATHER, Model : mlp, Density : 0.700, Bs : 32, Rank : 32, Seq_len : 96, Pred_len : 96,
|2025-06-05 18:30:07| MAE - 0.2044 MSE - 0.1688 RMSE - 0.4109 MAPE - 6.2822 NMAE - 0.3148 NRMSE - 0.4924 Acc_10 - 0.0408 train_time - 583.1872


|2025-06-05 18:59:05| Dataset : WEATHER, Model : mlp, Density : 0.700, Bs : 32, Rank : 32, Seq_len : 96, Pred_len : 96,
|2025-06-05 18:59:05| MAE - 0.2162 MSE - 0.1980 RMSE - 0.4450 MAPE - 6.9417 NMAE - 0.3329 NRMSE - 0.5333 Acc_10 - 0.0524 train_time - 61.9865
|2025-06-05 19:03:57| Dataset : WEATHER, Model : mlp, Density : 0.700, Bs : 32, Rank : 32, Seq_len : 96, Pred_len : 192,
|2025-06-05 19:03:57| MAE - 0.2498 MSE - 0.2376 RMSE - 0.4875 MAPE - 9.0701 NMAE - 0.3850 NRMSE - 0.5841 Acc_10 - 0.0418 train_time - 84.5885
|2025-06-05 19:11:02| Dataset : WEATHER, Model : mlp, Density : 0.700, Bs : 32, Rank : 32, Seq_len : 96, Pred_len : 336,
|2025-06-05 19:11:02| MAE - 0.2832 MSE - 0.2814 RMSE - 0.5305 MAPE - 11.6792 NMAE - 0.4368 NRMSE - 0.6355 Acc_10 - 0.0346 train_time - 99.8917
|2025-06-05 19:16:39| Dataset : WEATHER, Model : mlp, Density : 0.700, Bs : 32, Rank : 32, Seq_len : 96, Pred_len : 720,
|2025-06-05 19:16:39| MAE - 0.3224 MSE - 0.3347 RMSE - 0.5785 MAPE - 14.8408 NMAE - 0.5008 NRMSE - 0.6984 Acc_10 - 0.0289 train_time - 26.2201

|2025-06-05 19:21:11| Dataset : WEATHER, Model : mlp2, Density : 0.700, Bs : 32, Rank : 32, Seq_len : 96, Pred_len : 96,
|2025-06-05 19:21:11| MAE - 0.1951 MSE - 0.1635 RMSE - 0.4043 MAPE - 5.3657 NMAE - 0.3005 NRMSE - 0.4846 Acc_10 - 0.0544 train_time - 112.3471
|2025-06-05 19:26:10| Dataset : WEATHER, Model : mlp2, Density : 0.700, Bs : 32, Rank : 32, Seq_len : 96, Pred_len : 192,
|2025-06-05 19:26:10| MAE - 0.2329 MSE - 0.2061 RMSE - 0.4540 MAPE - 8.7925 NMAE - 0.3589 NRMSE - 0.5440 Acc_10 - 0.0424 train_time - 92.4576
|2025-06-05 19:30:28| Dataset : WEATHER, Model : mlp2, Density : 0.700, Bs : 32, Rank : 32, Seq_len : 96, Pred_len : 336,
|2025-06-05 19:30:28| MAE - 0.2716 MSE - 0.2571 RMSE - 0.5071 MAPE - 11.4070 NMAE - 0.4191 NRMSE - 0.6074 Acc_10 - 0.0341 train_time - 42.0322
|2025-06-05 19:39:38| Dataset : WEATHER, Model : mlp2, Density : 0.700, Bs : 32, Rank : 32, Seq_len : 96, Pred_len : 720,
|2025-06-05 19:39:38| MAE - 0.3147 MSE - 0.3190 RMSE - 0.5648 MAPE - 14.7470 NMAE - 0.4888 NRMSE - 0.6818 Acc_10 - 0.0278 train_time - 81.5630

|2025-06-05 19:46:57| Dataset : WEATHER, Model : mlp3, Density : 0.700, Bs : 32, Rank : 32, Seq_len : 96, Pred_len : 192,
|2025-06-05 19:46:57| MAE - 0.2334 MSE - 0.2068 RMSE - 0.4547 MAPE - 8.3320 NMAE - 0.3597 NRMSE - 0.5449 Acc_10 - 0.0423 train_time - 160.7508
|2025-06-05 19:53:33| Dataset : WEATHER, Model : mlp3, Density : 0.700, Bs : 32, Rank : 32, Seq_len : 96, Pred_len : 336,
|2025-06-05 19:53:33| MAE - 0.2709 MSE - 0.2564 RMSE - 0.5063 MAPE - 11.2184 NMAE - 0.4179 NRMSE - 0.6066 Acc_10 - 0.0341 train_time - 95.8133



|2025-06-05 19:58:38| Dataset : WEATHER, Model : mlp4, Density : 0.700, Bs : 32, Rank : 32, Seq_len : 96, Pred_len : 96,
|2025-06-05 19:58:38| MAE - 0.2051 MSE - 0.1700 RMSE - 0.4123 MAPE - 5.6417 NMAE - 0.3158 NRMSE - 0.4941 Acc_10 - 0.0511 train_time - 130.9800
|2025-06-05 20:02:56| Dataset : WEATHER, Model : mlp4, Density : 0.700, Bs : 32, Rank : 32, Seq_len : 96, Pred_len : 192,
|2025-06-05 20:02:56| MAE - 0.2399 MSE - 0.2099 RMSE - 0.4582 MAPE - 8.1836 NMAE - 0.3697 NRMSE - 0.5490 Acc_10 - 0.0410 train_time - 71.2438
|2025-06-06 11:00:47| Dataset : WEATHER, Model : mlp4, Density : 0.700, Bs : 32, Rank : 32, Seq_len : 96, Pred_len : 336,
|2025-06-06 11:00:47| MAE - 0.2745 MSE - 0.2577 RMSE - 0.5076 MAPE - 11.5650 NMAE - 0.4234 NRMSE - 0.6081 Acc_10 - 0.0344 train_time - 635.9138
|2025-06-06 11:39:17| Dataset : WEATHER, Model : mlp4, Density : 0.700, Bs : 32, Rank : 32, Seq_len : 96, Pred_len : 720,
|2025-06-06 11:39:17| MAE - 0.3136 MSE - 0.3144 RMSE - 0.5607 MAPE - 14.4948 NMAE - 0.4871 NRMSE - 0.6769 Acc_10 - 0.0291 train_time - 742.0765


|2025-06-06 11:59:51| Dataset : WEATHER, Model : mlp3, Density : 0.700, Bs : 32, Rank : 32, Seq_len : 96, Pred_len : 96, 
|2025-06-06 11:59:51| MAE - 0.1959 MSE - 0.1657 RMSE - 0.4071 MAPE - 4.4270 NMAE - 0.3018 NRMSE - 0.4879 Acc_10 - 0.0554 train_time - 287.0181
|2025-06-06 12:12:35| Dataset : WEATHER, Model : mlp3, Density : 0.700, Bs : 32, Rank : 32, Seq_len : 96, Pred_len : 192, 
|2025-06-06 12:12:35| MAE - 0.2345 MSE - 0.2087 RMSE - 0.4569 MAPE - 7.4867 NMAE - 0.3614 NRMSE - 0.5474 Acc_10 - 0.0422 train_time - 239.0777
|2025-06-06 13:31:39| Dataset : WEATHER, Model : mlp3, Density : 0.700, Bs : 32, Rank : 32, Seq_len : 96, Pred_len : 336, 
|2025-06-06 13:31:39| MAE - 0.2738 MSE - 0.2611 RMSE - 0.5109 MAPE - 10.7857 NMAE - 0.4224 NRMSE - 0.6121 Acc_10 - 0.0336 train_time - 342.8072
|2025-06-06 13:46:18| Dataset : WEATHER, Model : mlp3, Density : 0.700, Bs : 32, Rank : 32, Seq_len : 96, Pred_len : 720, 
|2025-06-06 13:46:18| MAE - 0.3164 MSE - 0.3210 RMSE - 0.5666 MAPE - 14.5505 NMAE - 0.4914 NRMSE - 0.6840 Acc_10 - 0.0275 train_time - 88.0384

|2025-06-06 18:58:18| Dataset : WEATHER, Model : mlp5, Density : 0.700, Bs : 32, Rank : 32, Seq_len : 96, Pred_len : 96, 
|2025-06-06 18:58:18| MAE - 0.2434 MSE - 0.2082 RMSE - 0.4563 MAPE - 6.9509 NMAE - 0.3749 NRMSE - 0.5468 Acc_10 - 0.0351 train_time - 332.0723
|2025-06-06 19:16:24| Dataset : WEATHER, Model : mlp5, Density : 0.700, Bs : 32, Rank : 32, Seq_len : 96, Pred_len : 192, 
|2025-06-06 19:16:24| MAE - 0.2712 MSE - 0.2434 RMSE - 0.4933 MAPE - 9.8382 NMAE - 0.4180 NRMSE - 0.5911 Acc_10 - 0.0307 train_time - 469.7096
|2025-06-06 19:46:13| Dataset : WEATHER, Model : mlp5, Density : 0.700, Bs : 32, Rank : 32, Seq_len : 96, Pred_len : 336, 
|2025-06-06 19:46:13| MAE - 0.3013 MSE - 0.2872 RMSE - 0.5359 MAPE - 12.9449 NMAE - 0.4648 NRMSE - 0.6420 Acc_10 - 0.0268 train_time - 786.1112
|2025-06-06 20:11:06| Dataset : WEATHER, Model : mlp5, Density : 0.700, Bs : 32, Rank : 32, Seq_len : 96, Pred_len : 720, 
|2025-06-06 20:11:06| MAE - 0.3358 MSE - 0.3389 RMSE - 0.5821 MAPE - 15.4466 NMAE - 0.5216 NRMSE - 0.7028 Acc_10 - 0.0240 train_time - 373.4866

|2025-06-08 12:28:08| Dataset : WEATHER, Model : mlp5, Density : 0.700, Bs : 32, Rank : 32, Seq_len : 96, Pred_len : 96, 
|2025-06-08 12:28:08| MAE - 0.2148 MSE - 0.1840 RMSE - 0.4289 MAPE - 4.8029 NMAE - 0.3308 NRMSE - 0.5140 Acc_10 - 0.0456 train_time - 124.5368
|2025-06-08 12:36:32| Dataset : WEATHER, Model : mlp5, Density : 0.700, Bs : 32, Rank : 32, Seq_len : 96, Pred_len : 192, 
|2025-06-08 12:36:32| MAE - 0.2484 MSE - 0.2151 RMSE - 0.4638 MAPE - 7.9489 NMAE - 0.3828 NRMSE - 0.5557 Acc_10 - 0.0355 train_time - 68.2795
|2025-06-08 12:49:49| Dataset : WEATHER, Model : mlp5, Density : 0.700, Bs : 32, Rank : 32, Seq_len : 96, Pred_len : 336, 
|2025-06-08 12:49:49| MAE - 0.2979 MSE - 0.2903 RMSE - 0.5388 MAPE - 9.4101 NMAE - 0.4596 NRMSE - 0.6455 Acc_10 - 0.0282 train_time - 186.0557
|2025-06-08 13:02:46| Dataset : WEATHER, Model : mlp5, Density : 0.700, Bs : 32, Rank : 32, Seq_len : 96, Pred_len : 720, 
|2025-06-08 13:02:46| MAE - 0.3279 MSE - 0.3348 RMSE - 0.5786 MAPE - 10.5438 NMAE - 0.5094 NRMSE - 0.6985 Acc_10 - 0.0243 train_time - 42.2269

|2025-06-08 17:05:54| Dataset : WEATHER, Model : seasonal_trend_model, Density : 0.700, Bs : 32, Rank : 32, Seq_len : 96, Pred_len : 96, 
|2025-06-08 17:05:54| MAE - 0.1845 MSE - 0.1465 RMSE - 0.3827 MAPE - 5.6331 NMAE - 0.2842 NRMSE - 0.4586 Acc_10 - 0.0488 train_time - 4187.1746
|2025-06-08 18:35:07| Dataset : WEATHER, Model : seasonal_trend_model, Density : 0.700, Bs : 32, Rank : 32, Seq_len : 96, Pred_len : 192, 
|2025-06-08 18:35:07| MAE - 0.2239 MSE - 0.1849 RMSE - 0.4300 MAPE - 5.6297 NMAE - 0.3451 NRMSE - 0.5153 Acc_10 - 0.0337 train_time - 3290.8637
|2025-06-08 19:18:30| Dataset : WEATHER, Model : seasonal_trend_model, Density : 0.700, Bs : 32, Rank : 32, Seq_len : 96, Pred_len : 336, 
|2025-06-08 19:18:30| MAE - 0.2641 MSE - 0.2330 RMSE - 0.4827 MAPE - 7.2710 NMAE - 0.4074 NRMSE - 0.5782 Acc_10 - 0.0259 train_time - 699.0833
|2025-06-08 20:08:25| Dataset : WEATHER, Model : seasonal_trend_model, Density : 0.700, Bs : 32, Rank : 32, Seq_len : 96, Pred_len : 720, 
|2025-06-08 20:08:25| MAE - 0.3106 MSE - 0.2988 RMSE - 0.5467 MAPE - 6.7034 NMAE - 0.4824 NRMSE - 0.6600 Acc_10 - 0.0195 train_time - 610.3571



|2025-06-08 21:05:54| Dataset : WEATHER, Model : dft, Density : 0.700, Bs : 32, Rank : 32, Seq_len : 96, Pred_len : 96, 
|2025-06-08 21:05:54| MAE - 0.1869 MSE - 0.1494 RMSE - 0.3865 MAPE - 5.8035 NMAE - 0.2879 NRMSE - 0.4632 Acc_10 - 0.0487 train_time - 5076.2958
|2025-06-08 22:25:13| Dataset : WEATHER, Model : dft, Density : 0.700, Bs : 32, Rank : 32, Seq_len : 96, Pred_len : 192, 
|2025-06-08 22:25:13| MAE - 0.2264 MSE - 0.1881 RMSE - 0.4337 MAPE - 5.7922 NMAE - 0.3490 NRMSE - 0.5197 Acc_10 - 0.0335 train_time - 2897.1519
|2025-06-08 23:38:37| Dataset : WEATHER, Model : dft, Density : 0.700, Bs : 32, Rank : 32, Seq_len : 96, Pred_len : 336, 
|2025-06-08 23:38:37| MAE - 0.2625 MSE - 0.2339 RMSE - 0.4836 MAPE - 6.5867 NMAE - 0.4050 NRMSE - 0.5794 Acc_10 - 0.0250 train_time - 2392.1605
|2025-06-09 00:18:42| Dataset : WEATHER, Model : dft, Density : 0.700, Bs : 32, Rank : 32, Seq_len : 96, Pred_len : 720, 
|2025-06-09 00:18:42| MAE - 0.3125 MSE - 0.3014 RMSE - 0.5490 MAPE - 6.9914 NMAE - 0.4854 NRMSE - 0.6628 Acc_10 - 0.0197 train_time - 484.3798








