[2025-03-13 16:51:02] Experiment Start!!!
================== Sequential Hyper Search ==================
The Best Hyperparameters: {'rank': 32, 'num_layers': 3, 'dataset': 'weather'}
Running at 2025-03-13 16:51: python model_train.py --exp_name TestConfig --retrain 1 --rank 32 --num_layers 3 --dataset weather
NMAE - 0.1146    NRMSE - 0.1373    MAE - 0.1288    RMSE - 1.5125    Acc_10 - 0.4818    train_time - 0.6599    
[2025-03-13 16:51:14] All commands executed successfully.

[2025-03-13 16:52:47] Experiment Start!!!
================== Sequential Hyper Search ==================
The Best Hyperparameters: {'rank': 32, 'num_layers': 3, 'dataset': 'weather'}
Running at 2025-03-13 16:52: python model_train.py --exp_name TestConfig --retrain 1 --rank 32 --num_layers 3 --dataset weather
NMAE - 0.1155    NRMSE - 0.1399    MAE - 0.1298    RMSE - 1.5412    Acc_10 - 0.4879    train_time - 0.2586    
[2025-03-13 16:52:58] All commands executed successfully.

[2025-03-13 17:05:29] Experiment Start!!!
================== Sequential Hyper Search ==================
The Best Hyperparameters: {'rank': 32, 'num_layers': 3, 'dataset': 'weather'}
Running at 2025-03-13 17:05: python model_train.py --exp_name TestConfig --retrain 1 --rank 32 --num_layers 3 --dataset weather
NMAE - 0.0600    NRMSE - 0.0775    MAE - 0.0674    RMSE - 0.8538    Acc_10 - 0.7943    train_time - 0.2228    
[2025-03-13 17:05:40] All commands executed successfully.

[2025-03-13 17:07:11] Experiment Start!!!
================== Sequential Hyper Search ==================
The Best Hyperparameters: {'rank': 32, 'num_layers': 3, 'dataset': 'weather'}
Running at 2025-03-13 17:07: python model_train.py --exp_name TestConfig --retrain 1 --rank 32 --num_layers 3 --dataset weather
NMAE - 0.0587    NRMSE - 0.0754    MAE - 0.0659    RMSE - 0.8313    Acc_10 - 0.8138    train_time - 7.5700    
[2025-03-13 17:07:35] All commands executed successfully.

[2025-03-13 17:08:08] Experiment Start!!!
================== Sequential Hyper Search ==================
The Best Hyperparameters: {'rank': 32, 'num_layers': 3, 'dataset': 'weather'}
Running at 2025-03-13 17:08: python model_train.py --exp_name TestConfig --retrain 1 --rank 32 --num_layers 3 --dataset weather
NMAE - 0.0555    NRMSE - 0.0728    MAE - 0.0623    RMSE - 0.8021    Acc_10 - 0.7932    train_time - 3.6302    
[2025-03-13 17:08:30] All commands executed successfully.

[2025-03-13 17:11:26] Experiment Start!!!
================== Sequential Hyper Search ==================
The Best Hyperparameters: {'rank': 32, 'num_layers': 3, 'dataset': 'weather'}
Running at 2025-03-13 17:11: python model_train.py --exp_name TestConfig --retrain 1 --rank 32 --num_layers 3 --dataset weather
NMAE - 0.0609    NRMSE - 0.0789    MAE - 0.0684    RMSE - 0.8689    Acc_10 - 0.7861    train_time - 7.2158    
[2025-03-13 17:11:58] All commands executed successfully.

[2025-03-13 17:12:16] Experiment Start!!!
================== Sequential Hyper Search ==================
The Best Hyperparameters: {'rank': 32, 'num_layers': 3, 'dataset': 'weather'}
Running at 2025-03-13 17:12: python model_train.py --exp_name TestConfig --retrain 1 --rank 32 --num_layers 3 --dataset weather
NMAE - 0.0562    NRMSE - 0.0729    MAE - 0.0631    RMSE - 0.8035    Acc_10 - 0.7997    train_time - 10.6171    
[2025-03-13 17:12:58] All commands executed successfully.

[2025-03-13 17:18:40] Experiment Start!!!
================== Sequential Hyper Search ==================
The Best Hyperparameters: {'rank': 64, 'num_layers': 3, 'dataset': 'weather'}
Running at 2025-03-13 17:18: python model_train.py --exp_name TestConfig --retrain 1 --rank 64 --num_layers 3 --dataset weather
[2025-03-13 17:19:13] Experiment Start!!!
================== Sequential Hyper Search ==================
The Best Hyperparameters: {'rank': 64, 'num_layers': 3, 'dataset': 'weather'}
Running at 2025-03-13 17:19: python model_train.py --exp_name TestConfig --retrain 1 --rank 64 --num_layers 3 --dataset weather
[2025-03-13 17:19:19] Experiment Start!!!
================== Sequential Hyper Search ==================
The Best Hyperparameters: {'rank': 64, 'num_layers': 3, 'dataset': 'weather'}
Running at 2025-03-13 17:19: python model_train.py --exp_name TestConfig --retrain 1 --rank 64 --num_layers 3 --dataset weather
NMAE - 0.0589    NRMSE - 0.0769    MAE - 0.0661    RMSE - 0.8474    Acc_10 - 0.7743    train_time - 4.1127    
[2025-03-13 17:19:49] All commands executed successfully.

[2025-03-13 17:21:00] Experiment Start!!!
================== Sequential Hyper Search ==================
The Best Hyperparameters: {'rank': 64, 'num_layers': 3, 'dataset': 'weather'}
Running at 2025-03-13 17:21: python model_train.py --exp_name TestConfig --retrain 1 --rank 64 --num_layers 3 --dataset weather
[2025-03-13 17:21:04] Experiment Start!!!
================== Sequential Hyper Search ==================
The Best Hyperparameters: {'rank': 64, 'num_layers': 3, 'dataset': 'weather'}
Running at 2025-03-13 17:21: python model_train.py --exp_name TestConfig --retrain 1 --rank 64 --num_layers 3 --dataset weather
NMAE - 0.0640    NRMSE - 0.0844    MAE - 0.0719    RMSE - 0.9305    Acc_10 - 0.7503    train_time - 2.1299    
[2025-03-13 17:21:24] All commands executed successfully.

[2025-03-13 17:21:31] Experiment Start!!!
================== Sequential Hyper Search ==================
The Best Hyperparameters: {'rank': 64, 'num_layers': 3, 'dataset': 'weather'}
Running at 2025-03-13 17:21: python model_train.py --exp_name TestConfig --retrain 1 --rank 64 --num_layers 3 --dataset weather
NMAE - 0.0596    NRMSE - 0.0767    MAE - 0.0670    RMSE - 0.8452    Acc_10 - 0.7770    train_time - 3.2070    
[2025-03-13 17:21:59] All commands executed successfully.

[2025-03-13 17:22:08] Experiment Start!!!
================== Sequential Hyper Search ==================
The Best Hyperparameters: {'rank': 64, 'num_layers': 3, 'dataset': 'weather'}
Running at 2025-03-13 17:22: python model_train.py --exp_name TestConfig --retrain 1 --rank 64 --num_layers 3 --dataset weather
NMAE - 0.0589    NRMSE - 0.0769    MAE - 0.0661    RMSE - 0.8474    Acc_10 - 0.7743    train_time - 4.1514    
[2025-03-13 17:22:39] All commands executed successfully.

[2025-03-13 17:25:31] Experiment Start!!!
================== Sequential Hyper Search ==================
The Best Hyperparameters: {'rank': 64, 'num_layers': 3, 'dataset': 'weather'}
Running at 2025-03-13 17:25: python model_train.py --exp_name TestConfig --retrain 1 --rank 64 --num_layers 3 --dataset weather
NMAE - 0.0677    NRMSE - 0.0866    MAE - 0.0760    RMSE - 0.9542    Acc_10 - 0.7389    train_time - 3.9445    
[2025-03-13 17:25:55] All commands executed successfully.

[2025-03-13 17:26:13] Experiment Start!!!
================== Sequential Hyper Search ==================
The Best Hyperparameters: {'rank': 64, 'num_layers': 3, 'dataset': 'weather'}
Running at 2025-03-13 17:26: python model_train.py --exp_name TestConfig --retrain 1 --rank 64 --num_layers 3 --dataset weather
NMAE - 0.0589    NRMSE - 0.0769    MAE - 0.0661    RMSE - 0.8474    Acc_10 - 0.7743    train_time - 4.2123    
[2025-03-13 17:26:43] All commands executed successfully.

