|2025-07-09 15:41:03| Dataset : WEATHER, Model : transformer2, Density : 0.700, d_model : 64, Seq_len : 96, Pred_len : 96, noise_steps : 10, noise_scale : 1.0, lamda : 0.5
|2025-07-09 15:41:03| MAE - 0.2120 MSE - 0.1728 RMSE - 0.4156 MAPE - 11.5086 NMAE - 0.3481 NRMSE - 0.5199 Acc_10 - 0.0514 train_time - 60.8583
|2025-07-09 15:47:59| Dataset : WEATHER, Model : transformer2, Density : 0.700, d_model : 64, Seq_len : 96, Pred_len : 96, noise_steps : 20, noise_scale : 1.0, lamda : 0.5
|2025-07-09 15:47:59| MAE - 0.2125 MSE - 0.1732 RMSE - 0.4162 MAPE - 11.6987 NMAE - 0.3489 NRMSE - 0.5206 Acc_10 - 0.0511 train_time - 55.1320
|2025-07-09 15:55:46| Dataset : WEATHER, Model : transformer2, Density : 0.700, d_model : 64, Seq_len : 96, Pred_len : 96, noise_steps : 30, noise_scale : 1.0, lamda : 0.5
|2025-07-09 15:55:46| MAE - 0.2122 MSE - 0.1736 RMSE - 0.4166 MAPE - 11.3318 NMAE - 0.3484 NRMSE - 0.5211 Acc_10 - 0.0512 train_time - 70.2715
|2025-07-09 16:02:15| Dataset : WEATHER, Model : transformer2, Density : 0.700, d_model : 64, Seq_len : 96, Pred_len : 96, noise_steps : 40, noise_scale : 1.0, lamda : 0.5
|2025-07-09 16:02:15| MAE - 0.2127 MSE - 0.1734 RMSE - 0.4164 MAPE - 11.6539 NMAE - 0.3492 NRMSE - 0.5209 Acc_10 - 0.0508 train_time - 48.5059
|2025-07-09 16:08:46| Dataset : WEATHER, Model : transformer2, Density : 0.700, d_model : 64, Seq_len : 96, Pred_len : 96, noise_steps : 50, noise_scale : 1.0, lamda : 0.5
|2025-07-09 16:08:46| MAE - 0.2126 MSE - 0.1732 RMSE - 0.4162 MAPE - 11.0280 NMAE - 0.3491 NRMSE - 0.5206 Acc_10 - 0.0511 train_time - 48.7436
|2025-07-09 16:15:56| Dataset : WEATHER, Model : transformer2, Density : 0.700, d_model : 64, Seq_len : 96, Pred_len : 96, noise_steps : 60, noise_scale : 1.0, lamda : 0.5
|2025-07-09 16:15:56| MAE - 0.2133 MSE - 0.1741 RMSE - 0.4172 MAPE - 11.3302 NMAE - 0.3503 NRMSE - 0.5218 Acc_10 - 0.0509 train_time - 56.7971


|2025-07-09 16:22:55| Dataset : WEATHER, Model : transformer2, Density : 0.700, d_model : 64, Seq_len : 96, Pred_len : 192, noise_steps : 10, noise_scale : 1.0, lamda : 0.5
|2025-07-09 16:22:55| MAE - 0.2545 MSE - 0.2212 RMSE - 0.4703 MAPE - 12.9089 NMAE - 0.4173 NRMSE - 0.5876 Acc_10 - 0.0422 train_time - 54.3244
|2025-07-09 16:29:56| Dataset : WEATHER, Model : transformer2, Density : 0.700, d_model : 64, Seq_len : 96, Pred_len : 192, noise_steps : 20, noise_scale : 1.0, lamda : 0.5
|2025-07-09 16:29:56| MAE - 0.2540 MSE - 0.2207 RMSE - 0.4698 MAPE - 12.6246 NMAE - 0.4166 NRMSE - 0.5869 Acc_10 - 0.0421 train_time - 58.1778
|2025-07-09 16:36:35| Dataset : WEATHER, Model : transformer2, Density : 0.700, d_model : 64, Seq_len : 96, Pred_len : 192, noise_steps : 30, noise_scale : 1.0, lamda : 0.5
|2025-07-09 16:36:35| MAE - 0.2539 MSE - 0.2208 RMSE - 0.4699 MAPE - 12.5830 NMAE - 0.4164 NRMSE - 0.5870 Acc_10 - 0.0420 train_time - 51.8097
|2025-07-09 16:43:13| Dataset : WEATHER, Model : transformer2, Density : 0.700, d_model : 64, Seq_len : 96, Pred_len : 192, noise_steps : 40, noise_scale : 1.0, lamda : 0.5
|2025-07-09 16:43:13| MAE - 0.2531 MSE - 0.2197 RMSE - 0.4687 MAPE - 12.4604 NMAE - 0.4150 NRMSE - 0.5855 Acc_10 - 0.0422 train_time - 51.8254
|2025-07-09 16:49:07| Dataset : WEATHER, Model : transformer2, Density : 0.700, d_model : 64, Seq_len : 96, Pred_len : 192, noise_steps : 50, noise_scale : 1.0, lamda : 0.5
|2025-07-09 16:49:07| MAE - 0.2527 MSE - 0.2194 RMSE - 0.4684 MAPE - 12.5029 NMAE - 0.4145 NRMSE - 0.5852 Acc_10 - 0.0423 train_time - 38.7000
|2025-07-09 16:56:08| Dataset : WEATHER, Model : transformer2, Density : 0.700, d_model : 64, Seq_len : 96, Pred_len : 192, noise_steps : 60, noise_scale : 1.0, lamda : 0.5
|2025-07-09 16:56:08| MAE - 0.2551 MSE - 0.2219 RMSE - 0.4711 MAPE - 12.4234 NMAE - 0.4183 NRMSE - 0.5886 Acc_10 - 0.0420 train_time - 57.9825


|2025-07-09 17:02:21| Dataset : WEATHER, Model : transformer2, Density : 0.700, d_model : 64, Seq_len : 96, Pred_len : 336, noise_steps : 10, noise_scale : 1.0, lamda : 0.5
|2025-07-09 17:02:21| MAE - 0.2977 MSE - 0.2796 RMSE - 0.5287 MAPE - 12.9128 NMAE - 0.4871 NRMSE - 0.6592 Acc_10 - 0.0335 train_time - 39.0710
|2025-07-09 17:08:32| Dataset : WEATHER, Model : transformer2, Density : 0.700, d_model : 64, Seq_len : 96, Pred_len : 336, noise_steps : 20, noise_scale : 1.0, lamda : 0.5
|2025-07-09 17:08:32| MAE - 0.3014 MSE - 0.2851 RMSE - 0.5339 MAPE - 13.1911 NMAE - 0.4932 NRMSE - 0.6656 Acc_10 - 0.0334 train_time - 39.0449
|2025-07-09 17:15:05| Dataset : WEATHER, Model : transformer2, Density : 0.700, d_model : 64, Seq_len : 96, Pred_len : 336, noise_steps : 30, noise_scale : 1.0, lamda : 0.5
|2025-07-09 17:15:05| MAE - 0.3017 MSE - 0.2850 RMSE - 0.5338 MAPE - 13.3786 NMAE - 0.4937 NRMSE - 0.6655 Acc_10 - 0.0332 train_time - 45.2041
|2025-07-09 17:21:17| Dataset : WEATHER, Model : transformer2, Density : 0.700, d_model : 64, Seq_len : 96, Pred_len : 336, noise_steps : 40, noise_scale : 1.0, lamda : 0.5
|2025-07-09 17:21:17| MAE - 0.3010 MSE - 0.2838 RMSE - 0.5327 MAPE - 13.1410 NMAE - 0.4926 NRMSE - 0.6641 Acc_10 - 0.0332 train_time - 39.1740
|2025-07-09 17:27:33| Dataset : WEATHER, Model : transformer2, Density : 0.700, d_model : 64, Seq_len : 96, Pred_len : 336, noise_steps : 50, noise_scale : 1.0, lamda : 0.5
|2025-07-09 17:27:33| MAE - 0.3004 MSE - 0.2829 RMSE - 0.5319 MAPE - 13.0263 NMAE - 0.4915 NRMSE - 0.6631 Acc_10 - 0.0336 train_time - 39.2124
|2025-07-09 17:33:47| Dataset : WEATHER, Model : transformer2, Density : 0.700, d_model : 64, Seq_len : 96, Pred_len : 336, noise_steps : 60, noise_scale : 1.0, lamda : 0.5
|2025-07-09 17:33:47| MAE - 0.3011 MSE - 0.2828 RMSE - 0.5318 MAPE - 13.0942 NMAE - 0.4927 NRMSE - 0.6630 Acc_10 - 0.0332 train_time - 39.6027



|2025-07-09 17:39:28| Dataset : WEATHER, Model : transformer2, Density : 0.700, d_model : 64, Seq_len : 96, Pred_len : 720, noise_steps : 10, noise_scale : 1.0, lamda : 0.5
|2025-07-09 17:39:28| MAE - 0.3562 MSE - 0.3793 RMSE - 0.6159 MAPE - 15.0514 NMAE - 0.5830 NRMSE - 0.7695 Acc_10 - 0.0273 train_time - 20.1123
|2025-07-09 17:45:04| Dataset : WEATHER, Model : transformer2, Density : 0.700, d_model : 64, Seq_len : 96, Pred_len : 720, noise_steps : 20, noise_scale : 1.0, lamda : 0.5
|2025-07-09 17:45:04| MAE - 0.3557 MSE - 0.3780 RMSE - 0.6148 MAPE - 15.4180 NMAE - 0.5823 NRMSE - 0.7682 Acc_10 - 0.0274 train_time - 20.2493
|2025-07-09 17:50:43| Dataset : WEATHER, Model : transformer2, Density : 0.700, d_model : 64, Seq_len : 96, Pred_len : 720, noise_steps : 30, noise_scale : 1.0, lamda : 0.5
|2025-07-09 17:50:43| MAE - 0.3578 MSE - 0.3826 RMSE - 0.6185 MAPE - 15.3510 NMAE - 0.5856 NRMSE - 0.7728 Acc_10 - 0.0274 train_time - 20.2248
|2025-07-09 17:56:22| Dataset : WEATHER, Model : transformer2, Density : 0.700, d_model : 64, Seq_len : 96, Pred_len : 720, noise_steps : 40, noise_scale : 1.0, lamda : 0.5
|2025-07-09 17:56:22| MAE - 0.3547 MSE - 0.3754 RMSE - 0.6127 MAPE - 15.1168 NMAE - 0.5806 NRMSE - 0.7655 Acc_10 - 0.0272 train_time - 20.5829
|2025-07-09 18:02:01| Dataset : WEATHER, Model : transformer2, Density : 0.700, d_model : 64, Seq_len : 96, Pred_len : 720, noise_steps : 50, noise_scale : 1.0, lamda : 0.5
|2025-07-09 18:02:01| MAE - 0.3569 MSE - 0.3800 RMSE - 0.6164 MAPE - 15.2806 NMAE - 0.5842 NRMSE - 0.7702 Acc_10 - 0.0273 train_time - 20.2732
|2025-07-09 18:07:39| Dataset : WEATHER, Model : transformer2, Density : 0.700, d_model : 64, Seq_len : 96, Pred_len : 720, noise_steps : 60, noise_scale : 1.0, lamda : 0.5
|2025-07-09 18:07:39| MAE - 0.3591 MSE - 0.3833 RMSE - 0.6191 MAPE - 15.1508 NMAE - 0.5878 NRMSE - 0.7736 Acc_10 - 0.0272 train_time - 20.1768


|2025-07-09 19:11:48| Dataset : WEATHER, Model : transformer2, Density : 0.700, d_model : 64, Seq_len : 96, Pred_len : 96, noise_steps : 40, noise_scale : 1.0, lamda : 0.1
|2025-07-09 19:11:48| MAE - 0.2123 MSE - 0.1730 RMSE - 0.4159 MAPE - 11.5820 NMAE - 0.3486 NRMSE - 0.5202 Acc_10 - 0.0509 train_time - 45.5843
|2025-07-09 19:17:58| Dataset : WEATHER, Model : transformer2, Density : 0.700, d_model : 64, Seq_len : 96, Pred_len : 96, noise_steps : 40, noise_scale : 1.0, lamda : 0.2
|2025-07-09 19:17:58| MAE - 0.2122 MSE - 0.1730 RMSE - 0.4159 MAPE - 11.6193 NMAE - 0.3484 NRMSE - 0.5203 Acc_10 - 0.0510 train_time - 45.8638
|2025-07-09 19:24:12| Dataset : WEATHER, Model : transformer2, Density : 0.700, d_model : 64, Seq_len : 96, Pred_len : 96, noise_steps : 40, noise_scale : 1.0, lamda : 0.3
|2025-07-09 19:24:12| MAE - 0.2123 MSE - 0.1731 RMSE - 0.4161 MAPE - 11.5497 NMAE - 0.3487 NRMSE - 0.5205 Acc_10 - 0.0510 train_time - 46.2545
|2025-07-09 19:30:24| Dataset : WEATHER, Model : transformer2, Density : 0.700, d_model : 64, Seq_len : 96, Pred_len : 96, noise_steps : 40, noise_scale : 1.0, lamda : 0.4
|2025-07-09 19:30:24| MAE - 0.2125 MSE - 0.1734 RMSE - 0.4164 MAPE - 11.5948 NMAE - 0.3490 NRMSE - 0.5208 Acc_10 - 0.0508 train_time - 45.5252
|2025-07-09 19:36:36| Dataset : WEATHER, Model : transformer2, Density : 0.700, d_model : 64, Seq_len : 96, Pred_len : 96, noise_steps : 40, noise_scale : 1.0, lamda : 0.5
|2025-07-09 19:36:36| MAE - 0.2127 MSE - 0.1734 RMSE - 0.4164 MAPE - 11.6539 NMAE - 0.3492 NRMSE - 0.5209 Acc_10 - 0.0508 train_time - 45.4628
|2025-07-09 19:42:42| Dataset : WEATHER, Model : transformer2, Density : 0.700, d_model : 64, Seq_len : 96, Pred_len : 96, noise_steps : 40, noise_scale : 1.0, lamda : 0.6
|2025-07-09 19:42:42| MAE - 0.2126 MSE - 0.1734 RMSE - 0.4164 MAPE - 11.5496 NMAE - 0.3491 NRMSE - 0.5208 Acc_10 - 0.0508 train_time - 44.8594
|2025-07-09 19:48:55| Dataset : WEATHER, Model : transformer2, Density : 0.700, d_model : 64, Seq_len : 96, Pred_len : 96, noise_steps : 40, noise_scale : 1.0, lamda : 0.7
|2025-07-09 19:48:55| MAE - 0.2123 MSE - 0.1731 RMSE - 0.4160 MAPE - 11.6476 NMAE - 0.3486 NRMSE - 0.5204 Acc_10 - 0.0509 train_time - 45.8132
|2025-07-09 19:55:03| Dataset : WEATHER, Model : transformer2, Density : 0.700, d_model : 64, Seq_len : 96, Pred_len : 96, noise_steps : 40, noise_scale : 1.0, lamda : 0.8
|2025-07-09 19:55:03| MAE - 0.2124 MSE - 0.1732 RMSE - 0.4161 MAPE - 11.6017 NMAE - 0.3488 NRMSE - 0.5205 Acc_10 - 0.0509 train_time - 44.9600
|2025-07-09 20:01:10| Dataset : WEATHER, Model : transformer2, Density : 0.700, d_model : 64, Seq_len : 96, Pred_len : 96, noise_steps : 40, noise_scale : 1.0, lamda : 0.9
|2025-07-09 20:01:10| MAE - 0.2126 MSE - 0.1734 RMSE - 0.4164 MAPE - 11.6097 NMAE - 0.3491 NRMSE - 0.5209 Acc_10 - 0.0508 train_time - 45.1104


|2025-07-09 20:07:58| Dataset : WEATHER, Model : transformer2, Density : 0.700, d_model : 64, Seq_len : 96, Pred_len : 192, noise_steps : 40, noise_scale : 1.0, lamda : 0.1
|2025-07-09 20:07:58| MAE - 0.2532 MSE - 0.2197 RMSE - 0.4687 MAPE - 12.4297 NMAE - 0.4152 NRMSE - 0.5856 Acc_10 - 0.0422 train_time - 52.5860
|2025-07-09 20:14:42| Dataset : WEATHER, Model : transformer2, Density : 0.700, d_model : 64, Seq_len : 96, Pred_len : 192, noise_steps : 40, noise_scale : 1.0, lamda : 0.2
|2025-07-09 20:14:42| MAE - 0.2531 MSE - 0.2197 RMSE - 0.4687 MAPE - 12.5240 NMAE - 0.4150 NRMSE - 0.5856 Acc_10 - 0.0422 train_time - 52.0484
|2025-07-09 20:21:24| Dataset : WEATHER, Model : transformer2, Density : 0.700, d_model : 64, Seq_len : 96, Pred_len : 192, noise_steps : 40, noise_scale : 1.0, lamda : 0.3
|2025-07-09 20:21:24| MAE - 0.2529 MSE - 0.2194 RMSE - 0.4684 MAPE - 12.3844 NMAE - 0.4147 NRMSE - 0.5852 Acc_10 - 0.0423 train_time - 51.7213
|2025-07-09 20:28:08| Dataset : WEATHER, Model : transformer2, Density : 0.700, d_model : 64, Seq_len : 96, Pred_len : 192, noise_steps : 40, noise_scale : 1.0, lamda : 0.4
|2025-07-09 20:28:08| MAE - 0.2530 MSE - 0.2195 RMSE - 0.4685 MAPE - 12.4428 NMAE - 0.4149 NRMSE - 0.5854 Acc_10 - 0.0422 train_time - 51.9778
|2025-07-09 20:34:52| Dataset : WEATHER, Model : transformer2, Density : 0.700, d_model : 64, Seq_len : 96, Pred_len : 192, noise_steps : 40, noise_scale : 1.0, lamda : 0.5
|2025-07-09 20:34:52| MAE - 0.2531 MSE - 0.2197 RMSE - 0.4687 MAPE - 12.4604 NMAE - 0.4150 NRMSE - 0.5855 Acc_10 - 0.0422 train_time - 52.0234
|2025-07-09 20:41:35| Dataset : WEATHER, Model : transformer2, Density : 0.700, d_model : 64, Seq_len : 96, Pred_len : 192, noise_steps : 40, noise_scale : 1.0, lamda : 0.6
|2025-07-09 20:41:35| MAE - 0.2531 MSE - 0.2195 RMSE - 0.4685 MAPE - 12.4833 NMAE - 0.4151 NRMSE - 0.5854 Acc_10 - 0.0422 train_time - 51.6429
|2025-07-09 20:48:21| Dataset : WEATHER, Model : transformer2, Density : 0.700, d_model : 64, Seq_len : 96, Pred_len : 192, noise_steps : 40, noise_scale : 1.0, lamda : 0.7
|2025-07-09 20:48:21| MAE - 0.2530 MSE - 0.2196 RMSE - 0.4686 MAPE - 12.4641 NMAE - 0.4150 NRMSE - 0.5854 Acc_10 - 0.0422 train_time - 52.0204
|2025-07-09 20:55:08| Dataset : WEATHER, Model : transformer2, Density : 0.700, d_model : 64, Seq_len : 96, Pred_len : 192, noise_steps : 40, noise_scale : 1.0, lamda : 0.8
|2025-07-09 20:55:08| MAE - 0.2532 MSE - 0.2196 RMSE - 0.4686 MAPE - 12.4066 NMAE - 0.4152 NRMSE - 0.5855 Acc_10 - 0.0421 train_time - 51.8306
|2025-07-09 21:01:54| Dataset : WEATHER, Model : transformer2, Density : 0.700, d_model : 64, Seq_len : 96, Pred_len : 192, noise_steps : 40, noise_scale : 1.0, lamda : 0.9
|2025-07-09 21:01:54| MAE - 0.2529 MSE - 0.2195 RMSE - 0.4685 MAPE - 12.5840 NMAE - 0.4148 NRMSE - 0.5853 Acc_10 - 0.0423 train_time - 52.2774


|2025-07-09 21:08:11| Dataset : WEATHER, Model : transformer2, Density : 0.700, d_model : 64, Seq_len : 96, Pred_len : 336, noise_steps : 40, noise_scale : 1.0, lamda : 0.1
|2025-07-09 21:08:11| MAE - 0.3002 MSE - 0.2833 RMSE - 0.5322 MAPE - 13.4288 NMAE - 0.4912 NRMSE - 0.6635 Acc_10 - 0.0336 train_time - 39.1084
|2025-07-09 21:14:34| Dataset : WEATHER, Model : transformer2, Density : 0.700, d_model : 64, Seq_len : 96, Pred_len : 336, noise_steps : 40, noise_scale : 1.0, lamda : 0.2
|2025-07-09 21:14:34| MAE - 0.3006 MSE - 0.2833 RMSE - 0.5322 MAPE - 13.2419 NMAE - 0.4919 NRMSE - 0.6635 Acc_10 - 0.0333 train_time - 39.7274
|2025-07-09 21:20:56| Dataset : WEATHER, Model : transformer2, Density : 0.700, d_model : 64, Seq_len : 96, Pred_len : 336, noise_steps : 40, noise_scale : 1.0, lamda : 0.3
|2025-07-09 21:20:56| MAE - 0.3003 MSE - 0.2832 RMSE - 0.5321 MAPE - 13.4377 NMAE - 0.4914 NRMSE - 0.6634 Acc_10 - 0.0335 train_time - 40.3533
|2025-07-09 21:27:41| Dataset : WEATHER, Model : transformer2, Density : 0.700, d_model : 64, Seq_len : 96, Pred_len : 336, noise_steps : 40, noise_scale : 1.0, lamda : 0.4
|2025-07-09 21:27:41| MAE - 0.3006 MSE - 0.2834 RMSE - 0.5323 MAPE - 13.2595 NMAE - 0.4919 NRMSE - 0.6636 Acc_10 - 0.0334 train_time - 39.4247
|2025-07-09 21:39:35| Dataset : WEATHER, Model : transformer2, Density : 0.700, d_model : 64, Seq_len : 96, Pred_len : 336, noise_steps : 40, noise_scale : 1.0, lamda : 0.5
|2025-07-09 21:39:35| MAE - 0.3010 MSE - 0.2838 RMSE - 0.5327 MAPE - 13.1410 NMAE - 0.4926 NRMSE - 0.6641 Acc_10 - 0.0332 train_time - 138.8333
|2025-07-09 21:45:52| Dataset : WEATHER, Model : transformer2, Density : 0.700, d_model : 64, Seq_len : 96, Pred_len : 336, noise_steps : 40, noise_scale : 1.0, lamda : 0.6
|2025-07-09 21:45:52| MAE - 0.3012 MSE - 0.2840 RMSE - 0.5329 MAPE - 13.1931 NMAE - 0.4928 NRMSE - 0.6644 Acc_10 - 0.0332 train_time - 38.9548
|2025-07-09 23:19:17| Dataset : WEATHER, Model : transformer2, Density : 0.700, d_model : 64, Seq_len : 96, Pred_len : 336, noise_steps : 40, noise_scale : 1.0, lamda : 0.7
|2025-07-09 23:19:17| MAE - 0.3002 MSE - 0.2832 RMSE - 0.5321 MAPE - 13.4195 NMAE - 0.4912 NRMSE - 0.6634 Acc_10 - 0.0336 train_time - 633.6747
|2025-07-10 00:29:20| Dataset : WEATHER, Model : transformer2, Density : 0.700, d_model : 64, Seq_len : 96, Pred_len : 336, noise_steps : 40, noise_scale : 1.0, lamda : 0.8
|2025-07-10 00:29:20| MAE - 0.3003 MSE - 0.2833 RMSE - 0.5323 MAPE - 13.3416 NMAE - 0.4915 NRMSE - 0.6636 Acc_10 - 0.0334 train_time - 530.1280
|2025-07-10 00:35:35| Dataset : WEATHER, Model : transformer2, Density : 0.700, d_model : 64, Seq_len : 96, Pred_len : 336, noise_steps : 40, noise_scale : 1.0, lamda : 0.9
|2025-07-10 00:35:35| MAE - 0.3006 MSE - 0.2835 RMSE - 0.5324 MAPE - 13.1306 NMAE - 0.4920 NRMSE - 0.6637 Acc_10 - 0.0334 train_time - 39.2024


|2025-07-10 00:41:17| Dataset : WEATHER, Model : transformer2, Density : 0.700, d_model : 64, Seq_len : 96, Pred_len : 720, noise_steps : 40, noise_scale : 1.0, lamda : 0.1
|2025-07-10 00:41:17| MAE - 0.3551 MSE - 0.3761 RMSE - 0.6132 MAPE - 15.2842 NMAE - 0.5812 NRMSE - 0.7662 Acc_10 - 0.0272 train_time - 20.0944
|2025-07-10 00:46:58| Dataset : WEATHER, Model : transformer2, Density : 0.700, d_model : 64, Seq_len : 96, Pred_len : 720, noise_steps : 40, noise_scale : 1.0, lamda : 0.2
|2025-07-10 00:46:58| MAE - 0.3549 MSE - 0.3758 RMSE - 0.6130 MAPE - 15.2873 NMAE - 0.5810 NRMSE - 0.7660 Acc_10 - 0.0272 train_time - 20.1663
|2025-07-10 00:52:37| Dataset : WEATHER, Model : transformer2, Density : 0.700, d_model : 64, Seq_len : 96, Pred_len : 720, noise_steps : 40, noise_scale : 1.0, lamda : 0.3
|2025-07-10 00:52:37| MAE - 0.3552 MSE - 0.3767 RMSE - 0.6137 MAPE - 15.3742 NMAE - 0.5814 NRMSE - 0.7668 Acc_10 - 0.0272 train_time - 20.0134
|2025-07-10 00:58:17| Dataset : WEATHER, Model : transformer2, Density : 0.700, d_model : 64, Seq_len : 96, Pred_len : 720, noise_steps : 40, noise_scale : 1.0, lamda : 0.4
|2025-07-10 00:58:17| MAE - 0.3551 MSE - 0.3760 RMSE - 0.6132 MAPE - 15.1858 NMAE - 0.5813 NRMSE - 0.7662 Acc_10 - 0.0272 train_time - 20.0075
|2025-07-10 01:03:59| Dataset : WEATHER, Model : transformer2, Density : 0.700, d_model : 64, Seq_len : 96, Pred_len : 720, noise_steps : 40, noise_scale : 1.0, lamda : 0.5
|2025-07-10 01:03:59| MAE - 0.3547 MSE - 0.3754 RMSE - 0.6127 MAPE - 15.1168 NMAE - 0.5806 NRMSE - 0.7655 Acc_10 - 0.0272 train_time - 20.1434
|2025-07-10 01:09:38| Dataset : WEATHER, Model : transformer2, Density : 0.700, d_model : 64, Seq_len : 96, Pred_len : 720, noise_steps : 40, noise_scale : 1.0, lamda : 0.6
|2025-07-10 01:09:38| MAE - 0.3548 MSE - 0.3760 RMSE - 0.6131 MAPE - 15.0574 NMAE - 0.5808 NRMSE - 0.7661 Acc_10 - 0.0272 train_time - 19.9546
|2025-07-10 13:20:28| Dataset : WEATHER, Model : transformer2, Density : 0.700, d_model : 64, Seq_len : 96, Pred_len : 720, noise_steps : 40, noise_scale : 1.0, lamda : 0.7
|2025-07-10 13:20:28| MAE - 0.3550 MSE - 0.3765 RMSE - 0.6136 MAPE - 15.0554 NMAE - 0.5812 NRMSE - 0.7667 Acc_10 - 0.0271 train_time - 20.1639
|2025-07-10 13:26:07| Dataset : WEATHER, Model : transformer2, Density : 0.700, d_model : 64, Seq_len : 96, Pred_len : 720, noise_steps : 40, noise_scale : 1.0, lamda : 0.8
|2025-07-10 13:26:07| MAE - 0.3549 MSE - 0.3760 RMSE - 0.6131 MAPE - 15.4664 NMAE - 0.5810 NRMSE - 0.7661 Acc_10 - 0.0272 train_time - 20.0980
|2025-07-10 13:31:47| Dataset : WEATHER, Model : transformer2, Density : 0.700, d_model : 64, Seq_len : 96, Pred_len : 720, noise_steps : 40, noise_scale : 1.0, lamda : 0.9
|2025-07-10 13:31:47| MAE - 0.3548 MSE - 0.3756 RMSE - 0.6129 MAPE - 15.3106 NMAE - 0.5808 NRMSE - 0.7658 Acc_10 - 0.0272 train_time - 20.0245


|2025-07-10 15:10:06| Dataset : WEATHER, Model : transformer2, Density : 0.700, d_model : 64, Seq_len : 96, Pred_len : 96, noise_steps : 40, noise_scale : 1.0, lamda : 0.5
|2025-07-10 15:10:06| MAE - 0.2107 MSE - 0.1697 RMSE - 0.4120 MAPE - 11.3265 NMAE - 0.3461 NRMSE - 0.5153 Acc_10 - 0.0512 train_time - 10.5940
|2025-07-10 15:11:20| Dataset : WEATHER, Model : transformer2, Density : 0.700, d_model : 64, Seq_len : 96, Pred_len : 192, noise_steps : 40, noise_scale : 1.0, lamda : 0.5
|2025-07-10 15:11:20| MAE - 0.2534 MSE - 0.2200 RMSE - 0.4690 MAPE - 12.2365 NMAE - 0.4155 NRMSE - 0.5860 Acc_10 - 0.0415 train_time - 7.4199
|2025-07-10 15:12:46| Dataset : WEATHER, Model : transformer2, Density : 0.700, d_model : 64, Seq_len : 96, Pred_len : 336, noise_steps : 40, noise_scale : 1.0, lamda : 0.5
|2025-07-10 15:12:46| MAE - 0.2978 MSE - 0.2797 RMSE - 0.5288 MAPE - 13.2097 NMAE - 0.4874 NRMSE - 0.6593 Acc_10 - 0.0331 train_time - 7.2001
|2025-07-10 15:14:38| Dataset : WEATHER, Model : transformer2, Density : 0.700, d_model : 64, Seq_len : 96, Pred_len : 720, noise_steps : 40, noise_scale : 1.0, lamda : 0.5
|2025-07-10 15:14:38| MAE - 0.3565 MSE - 0.3802 RMSE - 0.6166 MAPE - 14.9999 NMAE - 0.5836 NRMSE - 0.7704 Acc_10 - 0.0271 train_time - 5.5032


|2025-07-11 13:46:24| Dataset : WEATHER, Model : transformer2, Density : 0.700, d_model : 64, Seq_len : 96, Pred_len : 96, noise_steps : 40, noise_scale : 1.0, lamda : 0.7
|2025-07-11 13:46:24| MAE - 0.2116 MSE - 0.1716 RMSE - 0.4142 MAPE - 11.5535 NMAE - 0.3475 NRMSE - 0.5181 Acc_10 - 0.0513 train_time - 14.9470
|2025-07-11 13:48:46| Dataset : WEATHER, Model : transformer2, Density : 0.700, d_model : 64, Seq_len : 96, Pred_len : 192, noise_steps : 40, noise_scale : 1.0, lamda : 0.7
|2025-07-11 13:48:46| MAE - 0.2543 MSE - 0.2210 RMSE - 0.4701 MAPE - 12.8270 NMAE - 0.4171 NRMSE - 0.5873 Acc_10 - 0.0422 train_time - 17.1514
|2025-07-11 13:51:08| Dataset : WEATHER, Model : transformer2, Density : 0.700, d_model : 64, Seq_len : 96, Pred_len : 336, noise_steps : 40, noise_scale : 1.0, lamda : 0.7
|2025-07-11 13:51:08| MAE - 0.2975 MSE - 0.2789 RMSE - 0.5281 MAPE - 13.4405 NMAE - 0.4869 NRMSE - 0.6584 Acc_10 - 0.0335 train_time - 13.6823
|2025-07-11 13:53:43| Dataset : WEATHER, Model : transformer2, Density : 0.700, d_model : 64, Seq_len : 96, Pred_len : 720, noise_steps : 40, noise_scale : 1.0, lamda : 0.7
|2025-07-11 13:53:43| MAE - 0.3563 MSE - 0.3794 RMSE - 0.6158 MAPE - 15.1492 NMAE - 0.5833 NRMSE - 0.7695 Acc_10 - 0.0272 train_time - 8.5141



加入了其他统计特征
|2025-07-14 16:02:34| Dataset : financial, Model : financial, Density : 0.700, d_model : 32, Rank : 40, Seq_Len : 17, Pred_Len : 7, Idx : 0
|2025-07-14 16:02:34| MAE - 0.0141 MSE - 0.0009 RMSE - 0.0295 MAPE - 0.0993 NMAE - 0.0886 NRMSE - 0.1406 Acc_10 - 0.6522 train_time - 34.7418

没有加入了其他统计特征
|2025-07-14 16:04:11| Dataset : financial, Model : financial, Density : 0.700, d_model : 32, Rank : 40, Seq_Len : 17, Pred_Len : 7, Idx : 0
|2025-07-14 16:04:11| MAE - 0.0119 MSE - 0.0007 RMSE - 0.0263 MAPE - 0.0861 NMAE - 0.0749 NRMSE - 0.1255 Acc_10 - 0.7154 train_time - 40.1692

|2025-07-14 16:07:22| Dataset : financial, Model : financial, Density : 0.700, d_model : 32, Rank : 40, Seq_Len : 17, Pred_Len : 7, Idx : 0
|2025-07-14 16:07:22| MAE - 0.0119 MSE - 0.0007 RMSE - 0.0263 MAPE - 0.0861 NMAE - 0.0749 NRMSE - 0.1255 Acc_10 - 0.7154 train_time - 40.2962



没有加入其他统计特征
|2025-07-14 16:24:14| Dataset : financial, Model : financial, Density : 0.700, d_model : 32, Rank : 40, Seq_Len : 17, Pred_Len : 7, Idx : 0
|2025-07-14 16:24:14| MAE - 0.0041 MSE - 0.0000 RMSE - 0.0061 MAPE - 0.0357 NMAE - 0.0258 NRMSE - 0.0291 Acc_10 - 0.9357 train_time - 14.0268
加入了其他统计特征
|2025-07-14 16:26:09| Dataset : financial, Model : financial, Density : 0.700, d_model : 32, Rank : 40, Seq_Len : 17, Pred_Len : 7, Idx : 0
|2025-07-14 16:26:09| MAE - 0.0039 MSE - 0.0000 RMSE - 0.0059 MAPE - 0.0340 NMAE - 0.0248 NRMSE - 0.0282 Acc_10 - 0.9432 train_time - 16.1078
|2025-07-14 18:14:49| Dataset : financial, Model : financial, Density : 0.700, d_model : 32, Rank : 40, Seq_Len : 17, Pred_Len : 7, Idx : 0
|2025-07-14 18:14:49| MAE - 0.0039 MSE - 0.0000 RMSE - 0.0059 MAPE - 0.0339 NMAE - 0.0247 NRMSE - 0.0282 Acc_10 - 0.9435 train_time - 23.0872
|2025-07-14 18:15:50| Dataset : financial, Model : financial, Density : 0.700, d_model : 32, Rank : 40, Seq_Len : 17, Pred_Len : 7, Idx : 1
|2025-07-14 18:15:50| MAE - 0.0023 MSE - 0.0000 RMSE - 0.0052 MAPE - 0.0090 NMAE - 0.0076 NRMSE - 0.0146 Acc_10 - 0.9954 train_time - 9.3228
|2025-07-14 18:16:35| Dataset : financial, Model : financial, Density : 0.700, d_model : 32, Rank : 40, Seq_Len : 17, Pred_Len : 7, Idx : 2
|2025-07-14 18:16:35| MAE - 0.0050 MSE - 0.0001 RMSE - 0.0081 MAPE - 0.0433 NMAE - 0.0256 NRMSE - 0.0327 Acc_10 - 0.9081 train_time - 6.0116
|2025-07-14 18:17:57| Dataset : financial, Model : financial, Density : 0.700, d_model : 32, Rank : 40, Seq_Len : 17, Pred_Len : 7, Idx : 3
|2025-07-14 18:17:57| MAE - 0.0085 MSE - 0.0003 RMSE - 0.0163 MAPE - 0.0201 NMAE - 0.0115 NRMSE - 0.0208 Acc_10 - 0.9480 train_time - 11.9925
|2025-07-14 18:19:01| Dataset : financial, Model : financial, Density : 0.700, d_model : 32, Rank : 40, Seq_Len : 17, Pred_Len : 7, Idx : 4
|2025-07-14 18:19:01| MAE - 0.0057 MSE - 0.0001 RMSE - 0.0087 MAPE - 0.0332 NMAE - 0.0290 NRMSE - 0.0381 Acc_10 - 0.9434 train_time - 10.8698
|2025-07-14 18:20:15| Dataset : financial, Model : financial, Density : 0.700, d_model : 32, Rank : 40, Seq_Len : 17, Pred_Len : 7, Idx : 5
|2025-07-14 18:20:15| MAE - 0.0032 MSE - 0.0000 RMSE - 0.0065 MAPE - 0.0220 NMAE - 0.0175 NRMSE - 0.0239 Acc_10 - 0.9723 train_time - 11.9187
|2025-07-14 18:21:09| Dataset : financial, Model : financial, Density : 0.700, d_model : 32, Rank : 40, Seq_Len : 17, Pred_Len : 7, Idx : 6
|2025-07-14 18:21:09| MAE - 0.0029 MSE - 0.0000 RMSE - 0.0066 MAPE - 0.0148 NMAE - 0.0115 NRMSE - 0.0209 Acc_10 - 0.9880 train_time - 8.9506
|2025-07-14 18:21:45| Dataset : financial, Model : financial, Density : 0.700, d_model : 32, Rank : 40, Seq_Len : 17, Pred_Len : 7, Idx : 7
|2025-07-14 18:21:45| MAE - 0.0093 MSE - 0.0002 RMSE - 0.0134 MAPE - 0.0249 NMAE - 0.0254 NRMSE - 0.0337 Acc_10 - 0.9883 train_time - 3.7635
|2025-07-14 18:22:43| Dataset : financial, Model : financial, Density : 0.700, d_model : 32, Rank : 40, Seq_Len : 17, Pred_Len : 7, Idx : 8
|2025-07-14 18:22:43| MAE - 0.0091 MSE - 0.0003 RMSE - 0.0172 MAPE - 0.0315 NMAE - 0.0308 NRMSE - 0.0462 Acc_10 - 0.9444 train_time - 7.7613
|2025-07-14 18:24:11| Dataset : financial, Model : financial, Density : 0.700, d_model : 32, Rank : 40, Seq_Len : 17, Pred_Len : 7, Idx : 9
|2025-07-14 18:24:11| MAE - 0.0027 MSE - 0.0000 RMSE - 0.0051 MAPE - 0.0327 NMAE - 0.0242 NRMSE - 0.0302 Acc_10 - 0.9450 train_time - 18.0720
|2025-07-14 18:25:13| Dataset : financial, Model : financial, Density : 0.700, d_model : 32, Rank : 40, Seq_Len : 17, Pred_Len : 7, Idx : 10
|2025-07-14 18:25:13| MAE - 0.0029 MSE - 0.0000 RMSE - 0.0057 MAPE - 0.0150 NMAE - 0.0139 NRMSE - 0.0211 Acc_10 - 0.9898 train_time - 10.6268
|2025-07-14 18:26:47| Dataset : financial, Model : financial, Density : 0.700, d_model : 32, Rank : 40, Seq_Len : 36, Pred_Len : 30, Idx : 0
|2025-07-14 18:26:47| MAE - 0.0107 MSE - 0.0002 RMSE - 0.0153 MAPE - 0.0937 NMAE - 0.0666 NRMSE - 0.0727 Acc_10 - 0.6880 train_time - 26.0248
|2025-07-14 18:27:29| Dataset : financial, Model : financial, Density : 0.700, d_model : 32, Rank : 40, Seq_Len : 36, Pred_Len : 30, Idx : 1
|2025-07-14 18:27:29| MAE - 0.0052 MSE - 0.0001 RMSE - 0.0114 MAPE - 0.0212 NMAE - 0.0172 NRMSE - 0.0318 Acc_10 - 0.9799 train_time - 5.1106
|2025-07-14 18:28:09| Dataset : financial, Model : financial, Density : 0.700, d_model : 32, Rank : 40, Seq_Len : 36, Pred_Len : 30, Idx : 2
|2025-07-14 18:28:09| MAE - 0.0102 MSE - 0.0003 RMSE - 0.0160 MAPE - 0.0874 NMAE - 0.0521 NRMSE - 0.0644 Acc_10 - 0.7612 train_time - 4.3467
|2025-07-14 18:28:47| Dataset : financial, Model : financial, Density : 0.700, d_model : 32, Rank : 40, Seq_Len : 36, Pred_Len : 30, Idx : 3
|2025-07-14 18:28:47| MAE - 0.0209 MSE - 0.0013 RMSE - 0.0367 MAPE - 0.0435 NMAE - 0.0279 NRMSE - 0.0468 Acc_10 - 0.8652 train_time - 4.3810
|2025-07-14 18:29:58| Dataset : financial, Model : financial, Density : 0.700, d_model : 32, Rank : 40, Seq_Len : 36, Pred_Len : 30, Idx : 4
|2025-07-14 18:29:58| MAE - 0.0113 MSE - 0.0003 RMSE - 0.0173 MAPE - 0.0658 NMAE - 0.0571 NRMSE - 0.0760 Acc_10 - 0.7947 train_time - 17.6487
|2025-07-14 18:30:50| Dataset : financial, Model : financial, Density : 0.700, d_model : 32, Rank : 40, Seq_Len : 36, Pred_Len : 30, Idx : 5
|2025-07-14 18:30:50| MAE - 0.0063 MSE - 0.0001 RMSE - 0.0120 MAPE - 0.0444 NMAE - 0.0345 NRMSE - 0.0442 Acc_10 - 0.9037 train_time - 10.1953
|2025-07-14 18:31:42| Dataset : financial, Model : financial, Density : 0.700, d_model : 32, Rank : 40, Seq_Len : 36, Pred_Len : 30, Idx : 6
|2025-07-14 18:31:42| MAE - 0.0068 MSE - 0.0002 RMSE - 0.0134 MAPE - 0.0354 NMAE - 0.0273 NRMSE - 0.0420 Acc_10 - 0.9368 train_time - 9.9516
|2025-07-14 18:32:35| Dataset : financial, Model : financial, Density : 0.700, d_model : 32, Rank : 40, Seq_Len : 36, Pred_Len : 30, Idx : 7
|2025-07-14 18:32:35| MAE - 0.0173 MSE - 0.0006 RMSE - 0.0246 MAPE - 0.0448 NMAE - 0.0472 NRMSE - 0.0615 Acc_10 - 0.9043 train_time - 9.4875
|2025-07-14 18:33:12| Dataset : financial, Model : financial, Density : 0.700, d_model : 32, Rank : 40, Seq_Len : 36, Pred_Len : 30, Idx : 8
|2025-07-14 18:33:12| MAE - 0.0170 MSE - 0.0009 RMSE - 0.0303 MAPE - 0.0604 NMAE - 0.0578 NRMSE - 0.0821 Acc_10 - 0.8254 train_time - 4.8180
|2025-07-14 18:34:55| Dataset : financial, Model : financial, Density : 0.700, d_model : 32, Rank : 40, Seq_Len : 36, Pred_Len : 30, Idx : 9
|2025-07-14 18:34:55| MAE - 0.0059 MSE - 0.0001 RMSE - 0.0100 MAPE - 0.0716 NMAE - 0.0526 NRMSE - 0.0594 Acc_10 - 0.7482 train_time - 32.0246
|2025-07-14 18:35:59| Dataset : financial, Model : financial, Density : 0.700, d_model : 32, Rank : 40, Seq_Len : 36, Pred_Len : 30, Idx : 10
|2025-07-14 18:35:59| MAE - 0.0054 MSE - 0.0001 RMSE - 0.0105 MAPE - 0.0278 NMAE - 0.0262 NRMSE - 0.0389 Acc_10 - 0.9411 train_time - 14.0727
|2025-07-14 18:37:14| Dataset : financial, Model : financial, Density : 0.700, d_model : 32, Rank : 40, Seq_Len : 36, Pred_Len : 60, Idx : 0
|2025-07-14 18:37:14| MAE - 0.0109 MSE - 0.0003 RMSE - 0.0164 MAPE - 0.0963 NMAE - 0.0680 NRMSE - 0.0778 Acc_10 - 0.6818 train_time - 13.8622
|2025-07-14 18:37:59| Dataset : financial, Model : financial, Density : 0.700, d_model : 32, Rank : 40, Seq_Len : 36, Pred_Len : 60, Idx : 1
|2025-07-14 18:37:59| MAE - 0.0076 MSE - 0.0003 RMSE - 0.0166 MAPE - 0.0317 NMAE - 0.0255 NRMSE - 0.0464 Acc_10 - 0.9652 train_time - 5.4382
|2025-07-14 18:38:52| Dataset : financial, Model : financial, Density : 0.700, d_model : 32, Rank : 40, Seq_Len : 36, Pred_Len : 60, Idx : 2
|2025-07-14 18:38:52| MAE - 0.0120 MSE - 0.0004 RMSE - 0.0190 MAPE - 0.1004 NMAE - 0.0609 NRMSE - 0.0760 Acc_10 - 0.7197 train_time - 9.2941
|2025-07-14 18:39:25| Dataset : financial, Model : financial, Density : 0.700, d_model : 32, Rank : 40, Seq_Len : 36, Pred_Len : 60, Idx : 3
|2025-07-14 18:39:25| MAE - 0.0257 MSE - 0.0018 RMSE - 0.0424 MAPE - 0.0525 NMAE - 0.0344 NRMSE - 0.0541 Acc_10 - 0.8515 train_time - 3.9469
|2025-07-14 18:40:24| Dataset : financial, Model : financial, Density : 0.700, d_model : 32, Rank : 40, Seq_Len : 36, Pred_Len : 60, Idx : 4
|2025-07-14 18:40:24| MAE - 0.0150 MSE - 0.0005 RMSE - 0.0223 MAPE - 0.0867 NMAE - 0.0753 NRMSE - 0.0971 Acc_10 - 0.6935 train_time - 10.7977
|2025-07-14 18:41:10| Dataset : financial, Model : financial, Density : 0.700, d_model : 32, Rank : 40, Seq_Len : 36, Pred_Len : 60, Idx : 5
|2025-07-14 18:41:10| MAE - 0.0078 MSE - 0.0002 RMSE - 0.0157 MAPE - 0.0544 NMAE - 0.0425 NRMSE - 0.0579 Acc_10 - 0.8586 train_time - 6.5807
|2025-07-14 18:42:02| Dataset : financial, Model : financial, Density : 0.700, d_model : 32, Rank : 40, Seq_Len : 36, Pred_Len : 60, Idx : 6
|2025-07-14 18:42:02| MAE - 0.0117 MSE - 0.0005 RMSE - 0.0214 MAPE - 0.0558 NMAE - 0.0466 NRMSE - 0.0672 Acc_10 - 0.8688 train_time - 10.2090
|2025-07-14 18:42:55| Dataset : financial, Model : financial, Density : 0.700, d_model : 32, Rank : 40, Seq_Len : 36, Pred_Len : 60, Idx : 7
|2025-07-14 18:42:55| MAE - 0.0222 MSE - 0.0009 RMSE - 0.0305 MAPE - 0.0575 NMAE - 0.0607 NRMSE - 0.0764 Acc_10 - 0.8214 train_time - 7.7612
|2025-07-14 18:43:31| Dataset : financial, Model : financial, Density : 0.700, d_model : 32, Rank : 40, Seq_Len : 36, Pred_Len : 60, Idx : 8
|2025-07-14 18:43:31| MAE - 0.0215 MSE - 0.0014 RMSE - 0.0376 MAPE - 0.0752 NMAE - 0.0728 NRMSE - 0.1015 Acc_10 - 0.7754 train_time - 4.1726
|2025-07-14 18:44:29| Dataset : financial, Model : financial, Density : 0.700, d_model : 32, Rank : 40, Seq_Len : 36, Pred_Len : 60, Idx : 9
|2025-07-14 18:44:29| MAE - 0.0078 MSE - 0.0002 RMSE - 0.0132 MAPE - 0.0959 NMAE - 0.0688 NRMSE - 0.0776 Acc_10 - 0.6404 train_time - 8.1937
|2025-07-14 18:45:35| Dataset : financial, Model : financial, Density : 0.700, d_model : 32, Rank : 40, Seq_Len : 36, Pred_Len : 60, Idx : 10
|2025-07-14 18:45:35| MAE - 0.0066 MSE - 0.0002 RMSE - 0.0130 MAPE - 0.0330 NMAE - 0.0317 NRMSE - 0.0479 Acc_10 - 0.9211 train_time - 14.7141
|2025-07-14 18:46:50| Dataset : financial, Model : financial, Density : 0.700, d_model : 32, Rank : 40, Seq_Len : 36, Pred_Len : 90, Idx : 0
|2025-07-14 18:46:50| MAE - 0.0126 MSE - 0.0003 RMSE - 0.0183 MAPE - 0.1089 NMAE - 0.0787 NRMSE - 0.0871 Acc_10 - 0.6107 train_time - 4.4003
|2025-07-14 18:47:54| Dataset : financial, Model : financial, Density : 0.700, d_model : 32, Rank : 40, Seq_Len : 36, Pred_Len : 90, Idx : 1
|2025-07-14 18:47:54| MAE - 0.0093 MSE - 0.0005 RMSE - 0.0223 MAPE - 0.0396 NMAE - 0.0311 NRMSE - 0.0623 Acc_10 - 0.9518 train_time - 10.1281
|2025-07-14 18:48:47| Dataset : financial, Model : financial, Density : 0.700, d_model : 32, Rank : 40, Seq_Len : 36, Pred_Len : 90, Idx : 2
|2025-07-14 18:48:47| MAE - 0.0130 MSE - 0.0004 RMSE - 0.0212 MAPE - 0.0978 NMAE - 0.0660 NRMSE - 0.0850 Acc_10 - 0.6998 train_time - 7.3081
|2025-07-14 18:49:17| Dataset : financial, Model : financial, Density : 0.700, d_model : 32, Rank : 40, Seq_Len : 36, Pred_Len : 90, Idx : 3
|2025-07-14 18:49:17| MAE - 0.0314 MSE - 0.0026 RMSE - 0.0513 MAPE - 0.0653 NMAE - 0.0419 NRMSE - 0.0654 Acc_10 - 0.8319 train_time - 3.2759
|2025-07-14 18:50:09| Dataset : financial, Model : financial, Density : 0.700, d_model : 32, Rank : 40, Seq_Len : 36, Pred_Len : 90, Idx : 4
|2025-07-14 18:50:09| MAE - 0.0149 MSE - 0.0005 RMSE - 0.0227 MAPE - 0.0832 NMAE - 0.0748 NRMSE - 0.0990 Acc_10 - 0.6942 train_time - 3.9620
|2025-07-14 18:51:04| Dataset : financial, Model : financial, Density : 0.700, d_model : 32, Rank : 40, Seq_Len : 36, Pred_Len : 90, Idx : 5
|2025-07-14 18:51:04| MAE - 0.0101 MSE - 0.0004 RMSE - 0.0187 MAPE - 0.0712 NMAE - 0.0547 NRMSE - 0.0693 Acc_10 - 0.7760 train_time - 9.0145
|2025-07-14 18:51:59| Dataset : financial, Model : financial, Density : 0.700, d_model : 32, Rank : 40, Seq_Len : 36, Pred_Len : 90, Idx : 6
|2025-07-14 18:51:59| MAE - 0.0128 MSE - 0.0006 RMSE - 0.0245 MAPE - 0.0603 NMAE - 0.0507 NRMSE - 0.0768 Acc_10 - 0.8636 train_time - 11.7367
|2025-07-14 18:52:55| Dataset : financial, Model : financial, Density : 0.700, d_model : 32, Rank : 40, Seq_Len : 36, Pred_Len : 90, Idx : 7
|2025-07-14 18:52:55| MAE - 0.0318 MSE - 0.0018 RMSE - 0.0426 MAPE - 0.0811 NMAE - 0.0867 NRMSE - 0.1066 Acc_10 - 0.6741 train_time - 6.8949
|2025-07-14 18:53:31| Dataset : financial, Model : financial, Density : 0.700, d_model : 32, Rank : 40, Seq_Len : 36, Pred_Len : 90, Idx : 8
|2025-07-14 18:53:31| MAE - 0.0233 MSE - 0.0014 RMSE - 0.0378 MAPE - 0.0829 NMAE - 0.0791 NRMSE - 0.1020 Acc_10 - 0.7252 train_time - 3.8316
|2025-07-14 18:54:33| Dataset : financial, Model : financial, Density : 0.700, d_model : 32, Rank : 40, Seq_Len : 36, Pred_Len : 90, Idx : 9
|2025-07-14 18:54:33| MAE - 0.0093 MSE - 0.0002 RMSE - 0.0150 MAPE - 0.1179 NMAE - 0.0821 NRMSE - 0.0884 Acc_10 - 0.5361 train_time - 5.9584
|2025-07-14 18:55:49| Dataset : financial, Model : financial, Density : 0.700, d_model : 32, Rank : 40, Seq_Len : 36, Pred_Len : 90, Idx : 10
|2025-07-14 18:55:49| MAE - 0.0088 MSE - 0.0003 RMSE - 0.0169 MAPE - 0.0438 NMAE - 0.0424 NRMSE - 0.0623 Acc_10 - 0.8825 train_time - 13.3527
